2024-09-24 16:13:22,757 : INFO : root : Loading config.
2024-09-24 16:13:22,763 : INFO : YamlMultifileConfigLoader : Machine config file #1: config.yaml
2024-09-24 16:13:22,764 : INFO : ConfigProcessor : Loading config from cache: C:\Users\BRICE~1.ROU\AppData\Local\Temp\b9449346bad62f22816218c6c6e0e20e.mpf_cache
2024-09-24 16:13:22,845 : WARNING : ConfigProcessor : Config file in cache changed: C:\Users\brice.rouanet\Documents\GitHub\SimpsonsMpf\modes\attract\config\attract.yaml
2024-09-24 16:13:22,845 : INFO : ConfigProcessor : Loading config from file C:\Users\brice.rouanet\Documents\mpf\mpf\modes\attract\config\attract.yaml.
2024-09-24 16:13:22,848 : INFO : ConfigProcessor : Loading config: C:\Users\brice.rouanet\Documents\mpf\mpf\modes\attract\config\attract.yaml
2024-09-24 16:13:22,849 : INFO : ConfigProcessor : Loading config from file C:\Users\brice.rouanet\Documents\GitHub\SimpsonsMpf\modes\attract\config\attract.yaml.
2024-09-24 16:13:22,849 : INFO : ConfigProcessor : Loading config: C:\Users\brice.rouanet\Documents\GitHub\SimpsonsMpf\modes\attract\config\attract.yaml
2024-09-24 16:13:22,850 : INFO : ConfigProcessor : Config file cache created: C:\Users\BRICE~1.ROU\AppData\Local\Temp\7bb3f77b9c84e7c8eb8a77f60c34b587.mpf_cache
2024-09-24 16:13:22,851 : INFO : ConfigProcessor : Loading config from cache: C:\Users\BRICE~1.ROU\AppData\Local\Temp\08ed8ef6bbf541ff70cecc6b77fe1bdf.mpf_cache
2024-09-24 16:13:22,853 : INFO : ConfigProcessor : Loading config from cache: C:\Users\BRICE~1.ROU\AppData\Local\Temp\7bb3f77b9c84e7c8eb8a77f60c34b587.mpf_cache
2024-09-24 16:13:22,856 : INFO : ConfigProcessor : Loading config from cache: C:\Users\BRICE~1.ROU\AppData\Local\Temp\793ef1f1a7d186094e1de8c7a90a61d9.mpf_cache
2024-09-24 16:13:22,857 : INFO : Machine : Mission Pinball Framework Core Engine v0.80.0.dev4
2024-09-24 16:13:22,857 : INFO : Machine : Command line arguments: {'no_load_cache': False, 'create_config_cache': True, 'bcp': True, 'configfile': ['config.yaml'], 'force_assets_load': False, 'platform_integration_test': False, 'jsonlogging': False, 'logfile': 'logs\\2024-09-24-16-13-22-mpf-C-CRI-BUR2-A13.log', 'pause': False, 'production': False, 'text_ui': False, 'loglevel': 15, 'consoleloglevel': 20, 'force_platform': 'virtual', 'syslog_address': None, 'full_logfile_path': 'C:\\Users\\brice.rouanet\\Documents\\GitHub\\SimpsonsMpf\\logs\\2024-09-24-16-13-22-mpf-C-CRI-BUR2-A13.log'}
2024-09-24 16:13:22,857 : INFO : Machine : MPF path: C:\Users\brice.rouanet\Documents\mpf\mpf
2024-09-24 16:13:22,857 : INFO : Machine : Machine path: C:\Users\brice.rouanet\Documents\GitHub\SimpsonsMpf
2024-09-24 16:13:22,857 : INFO : Machine : Platform: win32
2024-09-24 16:13:22,857 : INFO : Machine : Python executable location: C:\Users\brice.rouanet\Documents\mpfenv\Scripts\python.exe
2024-09-24 16:13:22,857 : INFO : Machine : Python version: 3.11.9 (64-bit)
2024-09-24 16:13:22,860 : INFO : Machine : Initializing MPF...
2024-09-24 16:13:22,929 : INFO : EventManager : Event: ======'machine_var_credits_string'====== Args={'value': 'FREE PLAY', 'prev_value': None, 'change': True}
2024-09-24 16:13:22,949 : INFO : EventManager : Event: ======'machine_var_master_volume'====== Args={'value': 0.5, 'prev_value': None, 'change': True}
2024-09-24 16:13:22,949 : INFO : EventManager : Event: ======'machine_var_mpf_version'====== Args={'value': 'Mission Pinball Framework v0.80.0.dev4', 'prev_value': None, 'change': True}
2024-09-24 16:13:22,949 : INFO : EventManager : Event: ======'machine_var_mpf_extended_version'====== Args={'value': 'Mission Pinball Framework v0.80.0.dev4, Config version:6, Show version: 6, BCP version:1.1', 'prev_value': None, 'change': True}
2024-09-24 16:13:22,949 : INFO : EventManager : Event: ======'machine_var_python_version'====== Args={'value': '3.11.9', 'prev_value': None, 'change': True}
2024-09-24 16:13:22,985 : INFO : EventManager : Event: ======'machine_var_platform'====== Args={'value': 'Windows-10-10.0.26100-SP0', 'prev_value': None, 'change': True}
2024-09-24 16:13:22,985 : INFO : EventManager : Event: ======'machine_var_platform_system'====== Args={'value': 'Windows', 'prev_value': None, 'change': True}
2024-09-24 16:13:22,985 : INFO : EventManager : Event: ======'machine_var_platform_release'====== Args={'value': '10', 'prev_value': None, 'change': True}
2024-09-24 16:13:22,985 : INFO : EventManager : Event: ======'machine_var_platform_version'====== Args={'value': '10.0.26100', 'prev_value': None, 'change': True}
2024-09-24 16:13:22,985 : INFO : EventManager : Event: ======'machine_var_platform_machine'====== Args={'value': 'AMD64', 'prev_value': None, 'change': True}
2024-09-24 16:13:22,985 : INFO : EventManager : Event: ======'machine_var_log_file_path'====== Args={'value': 'C:\\Users\\brice.rouanet\\Documents\\GitHub\\SimpsonsMpf\\logs\\2024-09-24-16-13-22-mpf-C-CRI-BUR2-A13.log', 'prev_value': None, 'change': True}
2024-09-24 16:13:22,985 : INFO : EventManager : Event: ======'init_phase_1'====== Args={}
2024-09-24 16:13:23,028 : INFO : EventManager : Event: ======'drop_target_bank_bowling_drop_targets_up'====== Args={}
2024-09-24 16:13:23,028 : INFO : EventManager : Event: ======'drop_target_bank_slingshot_drop_targets_up'====== Args={}
2024-09-24 16:13:23,028 : INFO : EventManager : Event: ======'init_phase_2'====== Args={}
2024-09-24 16:13:23,031 : INFO : EventManager : Event: ======'bcp_connection_attempt'====== Args={'name': 'local_display', 'host': 'localhost', 'port': 5050}
2024-09-24 16:13:23,032 : INFO : BCPClientSocket : Connecting BCP to 'local_display' at localhost:5050...
2024-09-24 16:13:23,043 : INFO : BCPClientSocket : Connected BCP to 'local_display' localhost:5050
2024-09-24 16:13:23,043 : INFO : EventManager : Event: ======'bcp_clients_connected'====== Args={}
2024-09-24 16:13:23,044 : INFO : ball_device.bd_plung : BCH: Initial count: 0
2024-09-24 16:13:23,044 : INFO : ball_device.bd_plung : State: idle
2024-09-24 16:13:23,044 : INFO : ball_device.bd_drain : BCH: Initial count: 0
2024-09-24 16:13:23,044 : INFO : ball_device.bd_drain : State: idle
2024-09-24 16:13:23,050 : INFO : EventManager : Event: ======'init_phase_3'====== Args={}
2024-09-24 16:13:23,051 : INFO : EventManager : Event: ======'init_phase_4'====== Args={}
2024-09-24 16:13:23,052 : INFO : BallController : Initial balls found: 0
2024-09-24 16:13:23,054 : INFO : EventManager : Event: ======'machine_var_audits_switches_s_right_return'====== Args={'value': 0, 'prev_value': None, 'change': True}
2024-09-24 16:13:23,054 : INFO : EventManager : Event: ======'machine_var_audits_switches_s_ramp_exit'====== Args={'value': 0, 'prev_value': None, 'change': True}
2024-09-24 16:13:23,054 : INFO : EventManager : Event: ======'machine_var_audits_switches_s_right_slingshot'====== Args={'value': 0, 'prev_value': None, 'change': True}
2024-09-24 16:13:23,054 : INFO : EventManager : Event: ======'machine_var_audits_switches_s_sling5'====== Args={'value': 0, 'prev_value': None, 'change': True}
2024-09-24 16:13:23,054 : INFO : EventManager : Event: ======'machine_var_audits_switches_s_slam_tilt'====== Args={'value': 0, 'prev_value': None, 'change': True}
2024-09-24 16:13:23,054 : INFO : EventManager : Event: ======'machine_var_audits_switches_s_trough1'====== Args={'value': 0, 'prev_value': None, 'change': True}
2024-09-24 16:13:23,054 : INFO : EventManager : Event: ======'machine_var_audits_switches_s_plumb_tilt'====== Args={'value': 0, 'prev_value': None, 'change': True}
2024-09-24 16:13:23,054 : INFO : EventManager : Event: ======'machine_var_audits_switches_s_bowling1'====== Args={'value': 0, 'prev_value': None, 'change': True}
2024-09-24 16:13:23,054 : INFO : EventManager : Event: ======'machine_var_audits_switches_s_bowling3'====== Args={'value': 0, 'prev_value': None, 'change': True}
2024-09-24 16:13:23,054 : INFO : EventManager : Event: ======'machine_var_audits_switches_s_chocolate3'====== Args={'value': 0, 'prev_value': None, 'change': True}
2024-09-24 16:13:23,054 : INFO : EventManager : Event: ======'machine_var_audits_switches_s_sling2'====== Args={'value': 0, 'prev_value': None, 'change': True}
2024-09-24 16:13:23,054 : INFO : EventManager : Event: ======'machine_var_audits_switches_s_right_donut'====== Args={'value': 0, 'prev_value': None, 'change': True}
2024-09-24 16:13:23,054 : INFO : EventManager : Event: ======'machine_var_audits_switches_s_sling4'====== Args={'value': 0, 'prev_value': None, 'change': True}
2024-09-24 16:13:23,054 : INFO : EventManager : Event: ======'machine_var_audits_switches_s_right_lock'====== Args={'value': 0, 'prev_value': None, 'change': True}
2024-09-24 16:13:23,055 : INFO : EventManager : Event: ======'machine_var_audits_switches_s_bowling2'====== Args={'value': 0, 'prev_value': None, 'change': True}
2024-09-24 16:13:23,055 : INFO : EventManager : Event: ======'machine_var_audits_switches_s_shooter_lane'====== Args={'value': 0, 'prev_value': None, 'change': True}
2024-09-24 16:13:23,055 : INFO : EventManager : Event: ======'machine_var_audits_switches_s_left_return'====== Args={'value': 0, 'prev_value': None, 'change': True}
2024-09-24 16:13:23,055 : INFO : EventManager : Event: ======'machine_var_audits_switches_s_outhole'====== Args={'value': 0, 'prev_value': None, 'change': True}
2024-09-24 16:13:23,055 : INFO : EventManager : Event: ======'machine_var_audits_switches_s_ramp_entrance'====== Args={'value': 0, 'prev_value': None, 'change': True}
2024-09-24 16:13:23,055 : INFO : EventManager : Event: ======'machine_var_audits_switches_s_center_donut'====== Args={'value': 0, 'prev_value': None, 'change': True}
2024-09-24 16:13:23,055 : INFO : EventManager : Event: ======'machine_var_audits_switches_s_left_donut'====== Args={'value': 0, 'prev_value': None, 'change': True}
2024-09-24 16:13:23,055 : INFO : EventManager : Event: ======'machine_var_audits_switches_s_right_eos'====== Args={'value': 0, 'prev_value': None, 'change': True}
2024-09-24 16:13:23,055 : INFO : EventManager : Event: ======'machine_var_audits_switches_s_chocolate2'====== Args={'value': 0, 'prev_value': None, 'change': True}
2024-09-24 16:13:23,055 : INFO : EventManager : Event: ======'machine_var_audits_switches_s_center_lock_top'====== Args={'value': 0, 'prev_value': None, 'change': True}
2024-09-24 16:13:23,055 : INFO : EventManager : Event: ======'machine_var_audits_switches_s_trough2'====== Args={'value': 0, 'prev_value': None, 'change': True}
2024-09-24 16:13:23,055 : INFO : EventManager : Event: ======'machine_var_audits_switches_s_center_lock_bottom'====== Args={'value': 0, 'prev_value': None, 'change': True}
2024-09-24 16:13:23,055 : INFO : EventManager : Event: ======'machine_var_audits_switches_s_left_lock'====== Args={'value': 0, 'prev_value': None, 'change': True}
2024-09-24 16:13:23,055 : INFO : EventManager : Event: ======'machine_var_audits_switches_s_right_bumper'====== Args={'value': 0, 'prev_value': None, 'change': True}
2024-09-24 16:13:23,055 : INFO : EventManager : Event: ======'machine_var_audits_switches_s_left_bumper'====== Args={'value': 0, 'prev_value': None, 'change': True}
2024-09-24 16:13:23,055 : INFO : EventManager : Event: ======'machine_var_audits_switches_s_trough3'====== Args={'value': 0, 'prev_value': None, 'change': True}
2024-09-24 16:13:23,055 : INFO : EventManager : Event: ======'machine_var_audits_switches_s_sling3'====== Args={'value': 0, 'prev_value': None, 'change': True}
2024-09-24 16:13:23,055 : INFO : EventManager : Event: ======'machine_var_audits_switches_s_multiball_start'====== Args={'value': 0, 'prev_value': None, 'change': True}
2024-09-24 16:13:23,055 : INFO : EventManager : Event: ======'machine_var_audits_switches_s_left_slingshot'====== Args={'value': 0, 'prev_value': None, 'change': True}
2024-09-24 16:13:23,055 : INFO : EventManager : Event: ======'machine_var_audits_switches_s_spinner'====== Args={'value': 0, 'prev_value': None, 'change': True}
2024-09-24 16:13:23,055 : INFO : EventManager : Event: ======'machine_var_audits_switches_s_left_coin'====== Args={'value': 0, 'prev_value': None, 'change': True}
2024-09-24 16:13:23,055 : INFO : EventManager : Event: ======'machine_var_audits_switches_s_center_bumper'====== Args={'value': 0, 'prev_value': None, 'change': True}
2024-09-24 16:13:23,055 : INFO : EventManager : Event: ======'machine_var_audits_switches_s_credit_button'====== Args={'value': 0, 'prev_value': None, 'change': True}
2024-09-24 16:13:23,056 : INFO : EventManager : Event: ======'machine_var_audits_switches_s_right_outlane'====== Args={'value': 0, 'prev_value': None, 'change': True}
2024-09-24 16:13:23,056 : INFO : EventManager : Event: ======'machine_var_audits_switches_s_center_coin'====== Args={'value': 0, 'prev_value': None, 'change': True}
2024-09-24 16:13:23,056 : INFO : EventManager : Event: ======'machine_var_audits_switches_s_left_eos'====== Args={'value': 0, 'prev_value': None, 'change': True}
2024-09-24 16:13:23,056 : INFO : EventManager : Event: ======'machine_var_audits_switches_s_sling1'====== Args={'value': 0, 'prev_value': None, 'change': True}
2024-09-24 16:13:23,056 : INFO : EventManager : Event: ======'machine_var_audits_switches_s_chocolate'====== Args={'value': 0, 'prev_value': None, 'change': True}
2024-09-24 16:13:23,056 : INFO : EventManager : Event: ======'machine_var_audits_switches_s_right_coin'====== Args={'value': 0, 'prev_value': None, 'change': True}
2024-09-24 16:13:23,056 : INFO : EventManager : Event: ======'machine_var_audits_switches_s_left_outlane'====== Args={'value': 0, 'prev_value': None, 'change': True}
2024-09-24 16:13:23,056 : INFO : EventManager : Event: ======'machine_var_audits_events_game_started'====== Args={'value': 0, 'prev_value': None, 'change': True}
2024-09-24 16:13:23,056 : INFO : EventManager : Event: ======'machine_var_audits_events_game_ended'====== Args={'value': 0, 'prev_value': None, 'change': True}
2024-09-24 16:13:23,056 : INFO : EventManager : Event: ======'machine_var_audits_player_score'====== Args={'value': {'top': [], 'average': 0, 'total': 0}, 'prev_value': None, 'change': True}
2024-09-24 16:13:23,056 : INFO : EventManager : Event: ======'init_phase_5'====== Args={}
2024-09-24 16:13:23,056 : INFO : EventManager : Event: ======'init_done'====== Args={}
2024-09-24 16:13:23,057 : INFO : EventManager : Event: ======'machine_reset_phase_1'====== Args={}
2024-09-24 16:13:23,063 : INFO : EventManager : Event: ======'machine_reset_phase_2'====== Args={}
2024-09-24 16:13:23,063 : INFO : EventManager : Event: ======'machine_reset_phase_3'====== Args={}
2024-09-24 16:13:23,063 : INFO : EventManager : Event: ======'reset_complete'====== Args={}
2024-09-24 16:13:23,063 : INFO : EventManager : Event: ======'mode_attract_will_start'====== Args={}
2024-09-24 16:13:23,064 : INFO : EventManager : Event: ======'mode_attract_starting'====== Args={}
2024-09-24 16:13:23,064 : INFO : Mode.attract : Started. Priority: 10
2024-09-24 16:13:23,064 : INFO : EventManager : Event: ======'modes_active_modes_changed'====== Args={}
2024-09-24 16:13:23,064 : INFO : EventManager : Event: ======'mode_attract_started'====== Args={}
2024-09-24 16:13:23,065 : INFO : EventManager : Event: ======'collecting_balls_complete'====== Args={}
2024-09-24 16:13:23,065 : INFO : Machine : Starting the main run loop with active modes: [<Mode.attract>]
2024-09-24 16:13:31,789 : INFO : SwitchController : <<<<<<< 's_credit_button' active >>>>>>>
2024-09-24 16:13:31,873 : INFO : SwitchController : <<<<<<< 's_credit_button' inactive >>>>>>>
2024-09-24 16:13:31,873 : INFO : EventManager : Event: ======'request_to_start_game'====== Args={}
2024-09-24 16:13:31,873 : INFO : BallController : Known balls: 0
2024-09-24 16:13:31,873 : INFO : BallController : bd_plung contains 0 balls. Tags ['home', 'trough']
2024-09-24 16:13:31,873 : INFO : BallController : bd_drain contains 0 balls. Tags ['drain']
2024-09-24 16:13:31,873 : INFO : BallController : playfield contains 0 balls. Tags ['default']
2024-09-24 16:13:31,873 : WARNING : BallController : BallController denies game start. Not enough balls. 0 found. 1 required
2024-09-24 16:13:31,873 : INFO : BallController : Triggering ball search.
2024-09-24 16:13:32,056 : INFO : SwitchController : <<<<<<< 's_trough1' active >>>>>>>
2024-09-24 16:13:32,123 : INFO : SwitchController : <<<<<<< 's_trough1' inactive >>>>>>>
2024-09-24 16:13:32,774 : INFO : SwitchController : <<<<<<< 's_credit_button' active >>>>>>>
2024-09-24 16:13:32,873 : INFO : SwitchController : <<<<<<< 's_credit_button' inactive >>>>>>>
2024-09-24 16:13:32,873 : INFO : EventManager : Event: ======'request_to_start_game'====== Args={}
2024-09-24 16:13:32,873 : INFO : BallController : Known balls: 0
2024-09-24 16:13:32,873 : INFO : BallController : bd_plung contains 0 balls. Tags ['home', 'trough']
2024-09-24 16:13:32,873 : INFO : BallController : bd_drain contains 0 balls. Tags ['drain']
2024-09-24 16:13:32,873 : INFO : BallController : playfield contains 0 balls. Tags ['default']
2024-09-24 16:13:32,873 : WARNING : BallController : BallController denies game start. Not enough balls. 0 found. 1 required
2024-09-24 16:13:32,873 : INFO : BallController : Triggering ball search.
2024-09-24 16:13:34,208 : INFO : SwitchController : <<<<<<< 's_trough1' active >>>>>>>
2024-09-24 16:13:34,307 : INFO : SwitchController : <<<<<<< 's_trough1' inactive >>>>>>>
2024-09-24 16:13:34,608 : INFO : SwitchController : <<<<<<< 's_trough2' active >>>>>>>
2024-09-24 16:13:34,724 : INFO : SwitchController : <<<<<<< 's_trough2' inactive >>>>>>>
2024-09-24 16:13:34,942 : INFO : SwitchController : <<<<<<< 's_trough3' active >>>>>>>
2024-09-24 16:13:35,057 : INFO : SwitchController : <<<<<<< 's_trough3' inactive >>>>>>>
2024-09-24 16:13:37,226 : INFO : SwitchController : <<<<<<< 's_credit_button' active >>>>>>>
2024-09-24 16:13:37,310 : INFO : SwitchController : <<<<<<< 's_credit_button' inactive >>>>>>>
2024-09-24 16:13:37,310 : INFO : EventManager : Event: ======'request_to_start_game'====== Args={}
2024-09-24 16:13:37,310 : INFO : BallController : Known balls: 0
2024-09-24 16:13:37,310 : INFO : BallController : bd_plung contains 0 balls. Tags ['home', 'trough']
2024-09-24 16:13:37,310 : INFO : BallController : bd_drain contains 0 balls. Tags ['drain']
2024-09-24 16:13:37,310 : INFO : BallController : playfield contains 0 balls. Tags ['default']
2024-09-24 16:13:37,310 : WARNING : BallController : BallController denies game start. Not enough balls. 0 found. 1 required
2024-09-24 16:13:37,310 : INFO : BallController : Triggering ball search.
2024-09-24 16:13:37,477 : INFO : SwitchController : <<<<<<< 's_trough1' active >>>>>>>
2024-09-24 16:13:37,576 : INFO : SwitchController : <<<<<<< 's_trough1' inactive >>>>>>>
2024-09-24 16:13:37,660 : INFO : SwitchController : <<<<<<< 's_trough2' active >>>>>>>
2024-09-24 16:13:37,743 : INFO : SwitchController : <<<<<<< 's_trough2' inactive >>>>>>>
2024-09-24 16:13:37,859 : INFO : SwitchController : <<<<<<< 's_trough3' active >>>>>>>
2024-09-24 16:13:37,926 : INFO : SwitchController : <<<<<<< 's_trough3' inactive >>>>>>>
2024-09-24 16:13:40,250 : INFO : Machine : Shutting down...
2024-09-24 16:13:40,250 : INFO : EventManager : Event: ======'shutdown'====== Args={}
2024-09-24 16:13:40,253 : INFO : root : MPF run loop ended.
