2026-06-02 12:17:58,743 : INFO : root : Loading config.
2026-06-02 12:17:58,996 : INFO : ConfigProcessor : Config spec file cache created: /tmp/config_spec.mpf_cache
2026-06-02 12:17:58,996 : INFO : YamlMultifileConfigLoader : Machine config file #1: config.yaml
2026-06-02 12:17:58,997 : INFO : ConfigProcessor : Loading config from cache: /tmp/a9f758074c4719bec73a40b7e322c3da.mpf_cache
2026-06-02 12:17:59,040 : INFO : ConfigProcessor : Loading config from cache: /tmp/2cf941c3a47e1ba6ac27add0b513321d.mpf_cache
2026-06-02 12:17:59,041 : INFO : ConfigProcessor : Loading config from cache: /tmp/0fd1dccdc7db229b2ce4cdd9f5c444af.mpf_cache
2026-06-02 12:17:59,041 : INFO : ConfigProcessor : Loading config from cache: /tmp/2cf941c3a47e1ba6ac27add0b513321d.mpf_cache
2026-06-02 12:17:59,041 : INFO : ConfigProcessor : Loading config from cache: /tmp/bf7de23a2a3c1db7258b8477779eece5.mpf_cache
2026-06-02 12:17:59,042 : INFO : Machine : Mission Pinball Framework Core Engine v0.80.0
2026-06-02 12:17:59,042 : INFO : Machine : Command line arguments: {'no_load_cache': False, 'create_config_cache': True, 'bcp': True, 'configfile': ['config.yaml'], 'force_assets_load': False, 'platform_integration_test': False, 'jsonlogging': False, 'logfile': 'logs/2026-06-02-12-17-58-mpf-pop-os.log', 'pause': False, 'production': False, 'text_ui': False, 'loglevel': 15, 'consoleloglevel': 20, 'force_platform': 'virtual', 'syslog_address': None, 'full_logfile_path': '/home/rouanet/Documents/SimpsonsMpf/logs/2026-06-02-12-17-58-mpf-pop-os.log'}
2026-06-02 12:17:59,042 : INFO : Machine : MPF path: /home/rouanet/mpf/.venv/lib/python3.14/site-packages/mpf
2026-06-02 12:17:59,042 : INFO : Machine : Machine path: /home/rouanet/Documents/SimpsonsMpf
2026-06-02 12:17:59,042 : INFO : Machine : Platform: linux
2026-06-02 12:17:59,042 : INFO : Machine : Python executable location: /home/rouanet/mpf/.venv/bin/python3.14
2026-06-02 12:17:59,042 : INFO : Machine : Python version: 3.14.5 (64-bit)
2026-06-02 12:17:59,043 : INFO : Machine : Initializing MPF...
2026-06-02 12:17:59,086 : INFO : EventManager : Event: ======'machine_var_credits_string'====== Args={'value': 'FREE PLAY', 'prev_value': None, 'change': True}
2026-06-02 12:17:59,097 : INFO : EventManager : Event: ======'machine_var_master_volume'====== Args={'value': 0.5, 'prev_value': None, 'change': True}
2026-06-02 12:17:59,097 : INFO : EventManager : Event: ======'machine_var_mpf_version'====== Args={'value': 'Mission Pinball Framework v0.80.0', 'prev_value': None, 'change': True}
2026-06-02 12:17:59,097 : INFO : EventManager : Event: ======'machine_var_mpf_extended_version'====== Args={'value': 'Mission Pinball Framework v0.80.0, Config version:6, Show version: 6, BCP version:1.1', 'prev_value': None, 'change': True}
2026-06-02 12:17:59,097 : INFO : EventManager : Event: ======'machine_var_python_version'====== Args={'value': '3.14.5', 'prev_value': None, 'change': True}
2026-06-02 12:17:59,099 : INFO : EventManager : Event: ======'machine_var_platform'====== Args={'value': 'Linux-6.18.7-76061807-generic-x86_64-with-glibc2.39', 'prev_value': None, 'change': True}
2026-06-02 12:17:59,099 : INFO : EventManager : Event: ======'machine_var_platform_system'====== Args={'value': 'Linux', 'prev_value': None, 'change': True}
2026-06-02 12:17:59,099 : INFO : EventManager : Event: ======'machine_var_platform_release'====== Args={'value': '6.18.7-76061807-generic', 'prev_value': None, 'change': True}
2026-06-02 12:17:59,099 : INFO : EventManager : Event: ======'machine_var_platform_version'====== Args={'value': '#202601231045~1778249322~24.04~b44a3c3 SMP PREEMPT_DYNAMIC Fri M', 'prev_value': None, 'change': True}
2026-06-02 12:17:59,099 : INFO : EventManager : Event: ======'machine_var_platform_machine'====== Args={'value': 'x86_64', 'prev_value': None, 'change': True}
2026-06-02 12:17:59,099 : INFO : EventManager : Event: ======'machine_var_log_file_path'====== Args={'value': '/home/rouanet/Documents/SimpsonsMpf/logs/2026-06-02-12-17-58-mpf-pop-os.log', 'prev_value': None, 'change': True}
2026-06-02 12:17:59,099 : INFO : EventManager : Event: ======'init_phase_1'====== Args={}
2026-06-02 12:17:59,126 : INFO : EventManager : Event: ======'drop_target_bank_bowling_drop_targets_up'====== Args={}
2026-06-02 12:17:59,126 : INFO : EventManager : Event: ======'drop_target_bank_slingshot_drop_targets_up'====== Args={}
2026-06-02 12:17:59,127 : INFO : EventManager : Event: ======'init_phase_2'====== Args={}
2026-06-02 12:17:59,127 : INFO : SwitchController : Found active switch: ('11', <Platform.Virtual>) <switch.s_trough1>
2026-06-02 12:17:59,127 : INFO : SwitchController : Found active switch: ('12', <Platform.Virtual>) <switch.s_trough2>
2026-06-02 12:17:59,127 : INFO : SwitchController : Found active switch: ('13', <Platform.Virtual>) <switch.s_trough3>
2026-06-02 12:17:59,129 : ERROR : ConfigValidator : Your config contains a value for the setting "sound_player:b", but this is not a valid setting name.
2026-06-02 12:17:59,129 : ERROR : asyncio : Exception in callback EventManager._queue_task_done()
handle: <Handle EventManager._queue_task_done()>
Traceback (most recent call last):
  File "/home/rouanet/.pyenv/versions/3.14.5/lib/python3.14/asyncio/events.py", line 94, in _run
    self._context.run(self._callback, *self._args)
    ~~~~~~~~~~~~~~~~~^^^^^^^^^^^^^^^^^^^^^^^^^^^^^
  File "/home/rouanet/mpf/.venv/lib/python3.14/site-packages/mpf/core/events.py", line 795, in _queue_task_done
    future.result()
    ~~~~~~~~~~~~~^^
  File "/home/rouanet/mpf/.venv/lib/python3.14/site-packages/mpf/core/events.py", line 708, in _run_handlers_sequential
    handler.callback(queue=queue, **merged_kwargs)
    ~~~~~~~~~~~~~~~~^^^^^^^^^^^^^^^^^^^^^^^^^^^^^^
  File "/home/rouanet/mpf/.venv/lib/python3.14/site-packages/mpf/core/mode_controller.py", line 97, in initialize_modes
    item.method(config=mode.config[item.config_section],
    ~~~~~~~~~~~^^^^^^^^^^^^^^^^^^^^^^^^^^^^^^^^^^^^^^^^^
                mode_path=mode.path,
                ^^^^^^^^^^^^^^^^^^^^
                mode=mode,
                ^^^^^^^^^^
                root_config_dict=mode.config,
                ^^^^^^^^^^^^^^^^^^^^^^^^^^^^^
                **item.kwargs)
                ^^^^^^^^^^^^^^
  File "/home/rouanet/mpf/.venv/lib/python3.14/site-packages/mpf/core/config_player.py", line 150, in process_mode_config
    config = self.validate_config(config)
  File "/home/rouanet/mpf/.venv/lib/python3.14/site-packages/mpf/core/config_player.py", line 113, in validate_config
    validated_config[event] = self.validate_config_entry(settings, event)
                              ~~~~~~~~~~~~~~~~~~~~~~~~~~^^^^^^^^^^^^^^^^^
  File "/home/rouanet/mpf/.venv/lib/python3.14/site-packages/mpf/config_players/device_config_player.py", line 56, in validate_config_entry
    raise e
  File "/home/rouanet/mpf/.venv/lib/python3.14/site-packages/mpf/config_players/device_config_player.py", line 52, in validate_config_entry
    self._validate_config_item(device, device_settings))
    ~~~~~~~~~~~~~~~~~~~~~~~~~~^^^^^^^^^^^^^^^^^^^^^^^^^
  File "/home/rouanet/mpf/.venv/lib/python3.14/site-packages/mpf/config_players/sound_player.py", line 24, in _validate_config_item
    device_settings = self.machine.config_validator.validate_config(
        'sound_player', device_settings)
  File "/home/rouanet/mpf/.venv/lib/python3.14/site-packages/mpf/core/config_validator.py", line 164, in validate_config
    return self._validate_config(config_spec, source, base_spec=base_spec, add_missing_keys=add_missing_keys,
           ~~~~~~~~~~~~~~~~~~~~~^^^^^^^^^^^^^^^^^^^^^^^^^^^^^^^^^^^^^^^^^^^^^^^^^^^^^^^^^^^^^^^^^^^^^^^^^^^^^
                                 validation_failure_info=validation_failure_info)
                                 ^^^^^^^^^^^^^^^^^^^^^^^^^^^^^^^^^^^^^^^^^^^^^^^^
  File "/home/rouanet/mpf/.venv/lib/python3.14/site-packages/mpf/core/config_validator.py", line 177, in _validate_config
    self.check_for_invalid_sections(this_spec, source, validation_failure_info)
    ~~~~~~~~~~~~~~~~~~~~~~~~~~~~~~~^^^^^^^^^^^^^^^^^^^^^^^^^^^^^^^^^^^^^^^^^^^^
  File "/home/rouanet/mpf/.venv/lib/python3.14/site-packages/mpf/core/config_validator.py", line 345, in check_for_invalid_sections
    raise ConfigFileError('Your config contains a value for the '
                          'setting "' + path_string + '", but this is not a valid '
                                                      'setting name.', 2, self.log.name)
mpf.exceptions.config_file_error.ConfigFileError: Config File Error in ConfigValidator: Failed to load config player mode_attract_started:sounds with settings {'intro_music': 'bus:music'} >> Your config contains a value for the setting "sound_player:b", but this is not a valid setting name. Error Code: CFE-ConfigValidator-2 (https://missionpinball.org/latest/logs)
2026-06-02 12:17:59,134 : INFO : Machine : Starting the main run loop with active modes: []
2026-06-02 12:17:59,134 : WARNING : Machine : Attract mode is not active, game will not be playable. Please check your attract mode configuration.
2026-06-02 12:17:59,134 : INFO : Machine : Shutting down...
2026-06-02 12:17:59,134 : INFO : EventManager : Event: ======'shutdown'====== Args={}
2026-06-02 12:18:00,136 : ERROR : Machine : Runtime Exception
Traceback (most recent call last):
  File "/home/rouanet/mpf/.venv/lib/python3.14/site-packages/mpf/core/machine.py", line 810, in _run_loop
    raise self._exception['exception']
  File "/home/rouanet/.pyenv/versions/3.14.5/lib/python3.14/asyncio/events.py", line 94, in _run
    self._context.run(self._callback, *self._args)
    ~~~~~~~~~~~~~~~~~^^^^^^^^^^^^^^^^^^^^^^^^^^^^^
  File "/home/rouanet/mpf/.venv/lib/python3.14/site-packages/mpf/core/events.py", line 795, in _queue_task_done
    future.result()
    ~~~~~~~~~~~~~^^
  File "/home/rouanet/mpf/.venv/lib/python3.14/site-packages/mpf/core/events.py", line 708, in _run_handlers_sequential
    handler.callback(queue=queue, **merged_kwargs)
    ~~~~~~~~~~~~~~~~^^^^^^^^^^^^^^^^^^^^^^^^^^^^^^
  File "/home/rouanet/mpf/.venv/lib/python3.14/site-packages/mpf/core/mode_controller.py", line 97, in initialize_modes
    item.method(config=mode.config[item.config_section],
    ~~~~~~~~~~~^^^^^^^^^^^^^^^^^^^^^^^^^^^^^^^^^^^^^^^^^
                mode_path=mode.path,
                ^^^^^^^^^^^^^^^^^^^^
                mode=mode,
                ^^^^^^^^^^
                root_config_dict=mode.config,
                ^^^^^^^^^^^^^^^^^^^^^^^^^^^^^
                **item.kwargs)
                ^^^^^^^^^^^^^^
  File "/home/rouanet/mpf/.venv/lib/python3.14/site-packages/mpf/core/config_player.py", line 150, in process_mode_config
    config = self.validate_config(config)
  File "/home/rouanet/mpf/.venv/lib/python3.14/site-packages/mpf/core/config_player.py", line 113, in validate_config
    validated_config[event] = self.validate_config_entry(settings, event)
                              ~~~~~~~~~~~~~~~~~~~~~~~~~~^^^^^^^^^^^^^^^^^
  File "/home/rouanet/mpf/.venv/lib/python3.14/site-packages/mpf/config_players/device_config_player.py", line 56, in validate_config_entry
    raise e
  File "/home/rouanet/mpf/.venv/lib/python3.14/site-packages/mpf/config_players/device_config_player.py", line 52, in validate_config_entry
    self._validate_config_item(device, device_settings))
    ~~~~~~~~~~~~~~~~~~~~~~~~~~^^^^^^^^^^^^^^^^^^^^^^^^^
  File "/home/rouanet/mpf/.venv/lib/python3.14/site-packages/mpf/config_players/sound_player.py", line 24, in _validate_config_item
    device_settings = self.machine.config_validator.validate_config(
        'sound_player', device_settings)
  File "/home/rouanet/mpf/.venv/lib/python3.14/site-packages/mpf/core/config_validator.py", line 164, in validate_config
    return self._validate_config(config_spec, source, base_spec=base_spec, add_missing_keys=add_missing_keys,
           ~~~~~~~~~~~~~~~~~~~~~^^^^^^^^^^^^^^^^^^^^^^^^^^^^^^^^^^^^^^^^^^^^^^^^^^^^^^^^^^^^^^^^^^^^^^^^^^^^^
                                 validation_failure_info=validation_failure_info)
                                 ^^^^^^^^^^^^^^^^^^^^^^^^^^^^^^^^^^^^^^^^^^^^^^^^
  File "/home/rouanet/mpf/.venv/lib/python3.14/site-packages/mpf/core/config_validator.py", line 177, in _validate_config
    self.check_for_invalid_sections(this_spec, source, validation_failure_info)
    ~~~~~~~~~~~~~~~~~~~~~~~~~~~~~~~^^^^^^^^^^^^^^^^^^^^^^^^^^^^^^^^^^^^^^^^^^^^
  File "/home/rouanet/mpf/.venv/lib/python3.14/site-packages/mpf/core/config_validator.py", line 345, in check_for_invalid_sections
    raise ConfigFileError('Your config contains a value for the '
                          'setting "' + path_string + '", but this is not a valid '
                                                      'setting name.', 2, self.log.name)
mpf.exceptions.config_file_error.ConfigFileError: Config File Error in ConfigValidator: Failed to load config player mode_attract_started:sounds with settings {'intro_music': 'bus:music'} >> Your config contains a value for the setting "sound_player:b", but this is not a valid setting name. Error Code: CFE-ConfigValidator-2 (https://missionpinball.org/latest/logs)
2026-06-02 12:18:00,139 : INFO : root : MPF run loop ended.
