2026-06-02 13:42:21,440 : INFO : root : Loading config.
2026-06-02 13:42:21,701 : INFO : ConfigProcessor : Config spec file cache created: /tmp/config_spec.mpf_cache
2026-06-02 13:42:21,702 : INFO : YamlMultifileConfigLoader : Machine config file #1: config.yaml
2026-06-02 13:42:21,702 : WARNING : ConfigProcessor : Config file in cache changed: /home/rouanet/Documents/SimpsonsMpf/config/config.yaml
2026-06-02 13:42:21,702 : INFO : ConfigProcessor : Loading config from file /home/rouanet/mpf/.venv/lib/python3.14/site-packages/mpf/mpfconfig.yaml.
2026-06-02 13:42:21,759 : INFO : ConfigProcessor : Loading config: /home/rouanet/mpf/.venv/lib/python3.14/site-packages/mpf/mpfconfig.yaml
2026-06-02 13:42:21,759 : INFO : ConfigProcessor : Loading config from file /home/rouanet/Documents/SimpsonsMpf/config/config.yaml.
2026-06-02 13:42:21,768 : INFO : ConfigProcessor : Loading config: /home/rouanet/Documents/SimpsonsMpf/config/config.yaml
2026-06-02 13:42:21,781 : INFO : ConfigProcessor : Loading config: /home/rouanet/Documents/SimpsonsMpf/config/switches.yaml
2026-06-02 13:42:21,788 : INFO : ConfigProcessor : Loading config: /home/rouanet/Documents/SimpsonsMpf/config/coils.yaml
2026-06-02 13:42:21,807 : INFO : ConfigProcessor : Loading config: /home/rouanet/Documents/SimpsonsMpf/config/lamps.yaml
2026-06-02 13:42:21,813 : INFO : ConfigProcessor : Loading config: /home/rouanet/Documents/SimpsonsMpf/config/targets.yaml
2026-06-02 13:42:21,815 : INFO : ConfigProcessor : Config file cache created: /tmp/a9f758074c4719bec73a40b7e322c3da.mpf_cache
2026-06-02 13:42:21,862 : WARNING : ConfigProcessor : Config file in cache changed: /home/rouanet/Documents/SimpsonsMpf/modes/attract/config/attract.yaml
2026-06-02 13:42:21,862 : INFO : ConfigProcessor : Loading config from file /home/rouanet/mpf/.venv/lib/python3.14/site-packages/mpf/modes/attract/config/attract.yaml.
2026-06-02 13:42:21,864 : INFO : ConfigProcessor : Loading config: /home/rouanet/mpf/.venv/lib/python3.14/site-packages/mpf/modes/attract/config/attract.yaml
2026-06-02 13:42:21,864 : INFO : ConfigProcessor : Loading config from file /home/rouanet/Documents/SimpsonsMpf/modes/attract/config/attract.yaml.
2026-06-02 13:42:21,866 : INFO : ConfigProcessor : Loading config: /home/rouanet/Documents/SimpsonsMpf/modes/attract/config/attract.yaml
2026-06-02 13:42:21,866 : INFO : ConfigProcessor : Config file cache created: /tmp/2cf941c3a47e1ba6ac27add0b513321d.mpf_cache
2026-06-02 13:42:21,867 : INFO : ConfigProcessor : Loading config from cache: /tmp/0fd1dccdc7db229b2ce4cdd9f5c444af.mpf_cache
2026-06-02 13:42:21,867 : INFO : ConfigProcessor : Loading config from cache: /tmp/2cf941c3a47e1ba6ac27add0b513321d.mpf_cache
2026-06-02 13:42:21,867 : INFO : ConfigProcessor : Loading config from cache: /tmp/bf7de23a2a3c1db7258b8477779eece5.mpf_cache
2026-06-02 13:42:21,867 : INFO : Machine : Mission Pinball Framework Core Engine v0.80.0
2026-06-02 13:42:21,867 : INFO : Machine : Command line arguments: {'no_load_cache': False, 'create_config_cache': True, 'bcp': True, 'configfile': ['config.yaml'], 'force_assets_load': False, 'platform_integration_test': False, 'jsonlogging': False, 'logfile': 'logs/2026-06-02-13-42-21-mpf-pop-os.log', 'pause': False, 'production': False, 'text_ui': False, 'loglevel': 15, 'consoleloglevel': 20, 'force_platform': 'virtual', 'syslog_address': None, 'full_logfile_path': '/home/rouanet/Documents/SimpsonsMpf/logs/2026-06-02-13-42-21-mpf-pop-os.log'}
2026-06-02 13:42:21,868 : INFO : Machine : MPF path: /home/rouanet/mpf/.venv/lib/python3.14/site-packages/mpf
2026-06-02 13:42:21,868 : INFO : Machine : Machine path: /home/rouanet/Documents/SimpsonsMpf
2026-06-02 13:42:21,868 : INFO : Machine : Platform: linux
2026-06-02 13:42:21,868 : INFO : Machine : Python executable location: /home/rouanet/mpf/.venv/bin/python3.14
2026-06-02 13:42:21,868 : INFO : Machine : Python version: 3.14.5 (64-bit)
2026-06-02 13:42:21,869 : INFO : Machine : Initializing MPF...
2026-06-02 13:42:21,913 : INFO : EventManager : Event: ======'machine_var_credits_string'====== Args={'value': 'FREE PLAY', 'prev_value': None, 'change': True}
2026-06-02 13:42:21,923 : INFO : EventManager : Event: ======'machine_var_master_volume'====== Args={'value': 0.5, 'prev_value': None, 'change': True}
2026-06-02 13:42:21,923 : INFO : EventManager : Event: ======'machine_var_mpf_version'====== Args={'value': 'Mission Pinball Framework v0.80.0', 'prev_value': None, 'change': True}
2026-06-02 13:42:21,923 : INFO : EventManager : Event: ======'machine_var_mpf_extended_version'====== Args={'value': 'Mission Pinball Framework v0.80.0, Config version:6, Show version: 6, BCP version:1.1', 'prev_value': None, 'change': True}
2026-06-02 13:42:21,923 : INFO : EventManager : Event: ======'machine_var_python_version'====== Args={'value': '3.14.5', 'prev_value': None, 'change': True}
2026-06-02 13:42:21,925 : INFO : EventManager : Event: ======'machine_var_platform'====== Args={'value': 'Linux-6.18.7-76061807-generic-x86_64-with-glibc2.39', 'prev_value': None, 'change': True}
2026-06-02 13:42:21,925 : INFO : EventManager : Event: ======'machine_var_platform_system'====== Args={'value': 'Linux', 'prev_value': None, 'change': True}
2026-06-02 13:42:21,925 : INFO : EventManager : Event: ======'machine_var_platform_release'====== Args={'value': '6.18.7-76061807-generic', 'prev_value': None, 'change': True}
2026-06-02 13:42:21,925 : INFO : EventManager : Event: ======'machine_var_platform_version'====== Args={'value': '#202601231045~1778249322~24.04~b44a3c3 SMP PREEMPT_DYNAMIC Fri M', 'prev_value': None, 'change': True}
2026-06-02 13:42:21,925 : INFO : EventManager : Event: ======'machine_var_platform_machine'====== Args={'value': 'x86_64', 'prev_value': None, 'change': True}
2026-06-02 13:42:21,925 : INFO : EventManager : Event: ======'machine_var_log_file_path'====== Args={'value': '/home/rouanet/Documents/SimpsonsMpf/logs/2026-06-02-13-42-21-mpf-pop-os.log', 'prev_value': None, 'change': True}
2026-06-02 13:42:21,925 : INFO : EventManager : Event: ======'init_phase_1'====== Args={}
2026-06-02 13:42:21,953 : INFO : EventManager : Event: ======'drop_target_bank_bowling_drop_targets_up'====== Args={}
2026-06-02 13:42:21,954 : INFO : EventManager : Event: ======'drop_target_bank_slingshot_drop_targets_up'====== Args={}
2026-06-02 13:42:21,954 : ERROR : asyncio : Task exception was never retrieved
future: <Task finished name='Task-148' coro=<SystemWideDevice.device_added_system_wide() done, defined at /home/rouanet/mpf/.venv/lib/python3.14/site-packages/mpf/core/system_wide_device.py:15> exception=ConfigFileError('Config validation error: Entry ball_device_ejector_pulse:ball_device_ejector_pulse:eject_coil = "c_left_lock_eject" is not valid. Device "c_left_lock_eject" not found in "coils:" section in your config.')>
Traceback (most recent call last):
  File "/home/rouanet/mpf/.venv/lib/python3.14/site-packages/mpf/core/system_wide_device.py", line 17, in device_added_system_wide
    await self._initialize()
  File "/home/rouanet/mpf/.venv/lib/python3.14/site-packages/mpf/devices/ball_device/ball_device.py", line 90, in _initialize
    self._configure_targets()
    ~~~~~~~~~~~~~~~~~~~~~~~^^
  File "/home/rouanet/mpf/.venv/lib/python3.14/site-packages/mpf/devices/ball_device/ball_device.py", line 386, in _configure_targets
    self.ejector = ejector_class(ejector_config, self, self.machine)
                   ~~~~~~~~~~~~~^^^^^^^^^^^^^^^^^^^^^^^^^^^^^^^^^^^^
  File "/home/rouanet/mpf/.venv/lib/python3.14/site-packages/mpf/devices/ball_device/pulse_coil_ejector.py", line 26, in __init__
    self.config = self.machine.config_validator.validate_config("ball_device_ejector_pulse", self.config)
                  ~~~~~~~~~~~~~~~~~~~~~~~~~~~~~~~~~~~~~~~~~~~~~^^^^^^^^^^^^^^^^^^^^^^^^^^^^^^^^^^^^^^^^^^
  File "/home/rouanet/mpf/.venv/lib/python3.14/site-packages/mpf/core/config_validator.py", line 164, in validate_config
    return self._validate_config(config_spec, source, base_spec=base_spec, add_missing_keys=add_missing_keys,
           ~~~~~~~~~~~~~~~~~~~~~^^^^^^^^^^^^^^^^^^^^^^^^^^^^^^^^^^^^^^^^^^^^^^^^^^^^^^^^^^^^^^^^^^^^^^^^^^^^^
                                 validation_failure_info=validation_failure_info)
                                 ^^^^^^^^^^^^^^^^^^^^^^^^^^^^^^^^^^^^^^^^^^^^^^^^
  File "/home/rouanet/mpf/.venv/lib/python3.14/site-packages/mpf/core/config_validator.py", line 204, in _validate_config
    processed_config[k] = self.validate_config_item(
                          ~~~~~~~~~~~~~~~~~~~~~~~~~^
        this_spec[k], item=source[k],
        ^^^^^^^^^^^^^^^^^^^^^^^^^^^^^
        validation_failure_info=ValidationPath(validation_failure_info, k))
        ^^^^^^^^^^^^^^^^^^^^^^^^^^^^^^^^^^^^^^^^^^^^^^^^^^^^^^^^^^^^^^^^^^^
  File "/home/rouanet/mpf/.venv/lib/python3.14/site-packages/mpf/core/config_validator.py", line 243, in validate_config_item
    return self.validate_item(item, validation, validation_failure_info)
           ~~~~~~~~~~~~~~~~~~^^^^^^^^^^^^^^^^^^^^^^^^^^^^^^^^^^^^^^^^^^^
  File "/home/rouanet/mpf/.venv/lib/python3.14/site-packages/mpf/core/config_validator.py", line 699, in validate_item
    return self.validator_list[validator](item, validation_failure_info=validation_failure_info, param=param)
           ~~~~~~~~~~~~~~~~~~~~~~~~~~~~~~^^^^^^^^^^^^^^^^^^^^^^^^^^^^^^^^^^^^^^^^^^^^^^^^^^^^^^^^^^^^^^^^^^^^
  File "/home/rouanet/mpf/.venv/lib/python3.14/site-packages/mpf/core/config_validator.py", line 413, in _validate_type_machine
    raise self.validation_error(item, validation_failure_info,
                                'Device "{}" not found in "{}:" section in your config.'.format(item, param),
                                6)
mpf.exceptions.config_file_error.ConfigFileError: Config File Error in ConfigValidator: Config validation error: Entry ball_device_ejector_pulse:ball_device_ejector_pulse:eject_coil = "c_left_lock_eject" is not valid. Device "c_left_lock_eject" not found in "coils:" section in your config. Error Code: CFE-ConfigValidator-6 (https://missionpinball.org/latest/logs)
2026-06-02 13:42:21,958 : ERROR : asyncio : Task exception was never retrieved
future: <Task finished name='Task-149' coro=<SystemWideDevice.device_added_system_wide() done, defined at /home/rouanet/mpf/.venv/lib/python3.14/site-packages/mpf/core/system_wide_device.py:15> exception=ConfigFileError('Config validation error: Entry ball_device_ejector_pulse:ball_device_ejector_pulse:eject_coil = "c_center_lock_vuk" is not valid. Device "c_center_lock_vuk" not found in "coils:" section in your config.')>
Traceback (most recent call last):
  File "/home/rouanet/mpf/.venv/lib/python3.14/site-packages/mpf/core/system_wide_device.py", line 17, in device_added_system_wide
    await self._initialize()
  File "/home/rouanet/mpf/.venv/lib/python3.14/site-packages/mpf/devices/ball_device/ball_device.py", line 90, in _initialize
    self._configure_targets()
    ~~~~~~~~~~~~~~~~~~~~~~~^^
  File "/home/rouanet/mpf/.venv/lib/python3.14/site-packages/mpf/devices/ball_device/ball_device.py", line 386, in _configure_targets
    self.ejector = ejector_class(ejector_config, self, self.machine)
                   ~~~~~~~~~~~~~^^^^^^^^^^^^^^^^^^^^^^^^^^^^^^^^^^^^
  File "/home/rouanet/mpf/.venv/lib/python3.14/site-packages/mpf/devices/ball_device/pulse_coil_ejector.py", line 26, in __init__
    self.config = self.machine.config_validator.validate_config("ball_device_ejector_pulse", self.config)
                  ~~~~~~~~~~~~~~~~~~~~~~~~~~~~~~~~~~~~~~~~~~~~~^^^^^^^^^^^^^^^^^^^^^^^^^^^^^^^^^^^^^^^^^^
  File "/home/rouanet/mpf/.venv/lib/python3.14/site-packages/mpf/core/config_validator.py", line 164, in validate_config
    return self._validate_config(config_spec, source, base_spec=base_spec, add_missing_keys=add_missing_keys,
           ~~~~~~~~~~~~~~~~~~~~~^^^^^^^^^^^^^^^^^^^^^^^^^^^^^^^^^^^^^^^^^^^^^^^^^^^^^^^^^^^^^^^^^^^^^^^^^^^^^
                                 validation_failure_info=validation_failure_info)
                                 ^^^^^^^^^^^^^^^^^^^^^^^^^^^^^^^^^^^^^^^^^^^^^^^^
  File "/home/rouanet/mpf/.venv/lib/python3.14/site-packages/mpf/core/config_validator.py", line 204, in _validate_config
    processed_config[k] = self.validate_config_item(
                          ~~~~~~~~~~~~~~~~~~~~~~~~~^
        this_spec[k], item=source[k],
        ^^^^^^^^^^^^^^^^^^^^^^^^^^^^^
        validation_failure_info=ValidationPath(validation_failure_info, k))
        ^^^^^^^^^^^^^^^^^^^^^^^^^^^^^^^^^^^^^^^^^^^^^^^^^^^^^^^^^^^^^^^^^^^
  File "/home/rouanet/mpf/.venv/lib/python3.14/site-packages/mpf/core/config_validator.py", line 243, in validate_config_item
    return self.validate_item(item, validation, validation_failure_info)
           ~~~~~~~~~~~~~~~~~~^^^^^^^^^^^^^^^^^^^^^^^^^^^^^^^^^^^^^^^^^^^
  File "/home/rouanet/mpf/.venv/lib/python3.14/site-packages/mpf/core/config_validator.py", line 699, in validate_item
    return self.validator_list[validator](item, validation_failure_info=validation_failure_info, param=param)
           ~~~~~~~~~~~~~~~~~~~~~~~~~~~~~~^^^^^^^^^^^^^^^^^^^^^^^^^^^^^^^^^^^^^^^^^^^^^^^^^^^^^^^^^^^^^^^^^^^^
  File "/home/rouanet/mpf/.venv/lib/python3.14/site-packages/mpf/core/config_validator.py", line 413, in _validate_type_machine
    raise self.validation_error(item, validation_failure_info,
                                'Device "{}" not found in "{}:" section in your config.'.format(item, param),
                                6)
mpf.exceptions.config_file_error.ConfigFileError: Config File Error in ConfigValidator: Config validation error: Entry ball_device_ejector_pulse:ball_device_ejector_pulse:eject_coil = "c_center_lock_vuk" is not valid. Device "c_center_lock_vuk" not found in "coils:" section in your config. Error Code: CFE-ConfigValidator-6 (https://missionpinball.org/latest/logs)
2026-06-02 13:42:21,959 : ERROR : asyncio : Task exception was never retrieved
future: <Task finished name='Task-150' coro=<SystemWideDevice.device_added_system_wide() done, defined at /home/rouanet/mpf/.venv/lib/python3.14/site-packages/mpf/core/system_wide_device.py:15> exception=ConfigFileError('Config validation error: Entry ball_device_ejector_pulse:ball_device_ejector_pulse:eject_coil = "c_right_lock_vuk" is not valid. Device "c_right_lock_vuk" not found in "coils:" section in your config.')>
Traceback (most recent call last):
  File "/home/rouanet/mpf/.venv/lib/python3.14/site-packages/mpf/core/system_wide_device.py", line 17, in device_added_system_wide
    await self._initialize()
  File "/home/rouanet/mpf/.venv/lib/python3.14/site-packages/mpf/devices/ball_device/ball_device.py", line 90, in _initialize
    self._configure_targets()
    ~~~~~~~~~~~~~~~~~~~~~~~^^
  File "/home/rouanet/mpf/.venv/lib/python3.14/site-packages/mpf/devices/ball_device/ball_device.py", line 386, in _configure_targets
    self.ejector = ejector_class(ejector_config, self, self.machine)
                   ~~~~~~~~~~~~~^^^^^^^^^^^^^^^^^^^^^^^^^^^^^^^^^^^^
  File "/home/rouanet/mpf/.venv/lib/python3.14/site-packages/mpf/devices/ball_device/pulse_coil_ejector.py", line 26, in __init__
    self.config = self.machine.config_validator.validate_config("ball_device_ejector_pulse", self.config)
                  ~~~~~~~~~~~~~~~~~~~~~~~~~~~~~~~~~~~~~~~~~~~~~^^^^^^^^^^^^^^^^^^^^^^^^^^^^^^^^^^^^^^^^^^
  File "/home/rouanet/mpf/.venv/lib/python3.14/site-packages/mpf/core/config_validator.py", line 164, in validate_config
    return self._validate_config(config_spec, source, base_spec=base_spec, add_missing_keys=add_missing_keys,
           ~~~~~~~~~~~~~~~~~~~~~^^^^^^^^^^^^^^^^^^^^^^^^^^^^^^^^^^^^^^^^^^^^^^^^^^^^^^^^^^^^^^^^^^^^^^^^^^^^^
                                 validation_failure_info=validation_failure_info)
                                 ^^^^^^^^^^^^^^^^^^^^^^^^^^^^^^^^^^^^^^^^^^^^^^^^
  File "/home/rouanet/mpf/.venv/lib/python3.14/site-packages/mpf/core/config_validator.py", line 204, in _validate_config
    processed_config[k] = self.validate_config_item(
                          ~~~~~~~~~~~~~~~~~~~~~~~~~^
        this_spec[k], item=source[k],
        ^^^^^^^^^^^^^^^^^^^^^^^^^^^^^
        validation_failure_info=ValidationPath(validation_failure_info, k))
        ^^^^^^^^^^^^^^^^^^^^^^^^^^^^^^^^^^^^^^^^^^^^^^^^^^^^^^^^^^^^^^^^^^^
  File "/home/rouanet/mpf/.venv/lib/python3.14/site-packages/mpf/core/config_validator.py", line 243, in validate_config_item
    return self.validate_item(item, validation, validation_failure_info)
           ~~~~~~~~~~~~~~~~~~^^^^^^^^^^^^^^^^^^^^^^^^^^^^^^^^^^^^^^^^^^^
  File "/home/rouanet/mpf/.venv/lib/python3.14/site-packages/mpf/core/config_validator.py", line 699, in validate_item
    return self.validator_list[validator](item, validation_failure_info=validation_failure_info, param=param)
           ~~~~~~~~~~~~~~~~~~~~~~~~~~~~~~^^^^^^^^^^^^^^^^^^^^^^^^^^^^^^^^^^^^^^^^^^^^^^^^^^^^^^^^^^^^^^^^^^^^
  File "/home/rouanet/mpf/.venv/lib/python3.14/site-packages/mpf/core/config_validator.py", line 413, in _validate_type_machine
    raise self.validation_error(item, validation_failure_info,
                                'Device "{}" not found in "{}:" section in your config.'.format(item, param),
                                6)
mpf.exceptions.config_file_error.ConfigFileError: Config File Error in ConfigValidator: Config validation error: Entry ball_device_ejector_pulse:ball_device_ejector_pulse:eject_coil = "c_right_lock_vuk" is not valid. Device "c_right_lock_vuk" not found in "coils:" section in your config. Error Code: CFE-ConfigValidator-6 (https://missionpinball.org/latest/logs)
2026-06-02 13:42:21,962 : INFO : EventManager : Event: ======'init_phase_2'====== Args={}
2026-06-02 13:42:21,962 : INFO : Machine : Starting the main run loop with active modes: []
2026-06-02 13:42:21,962 : WARNING : Machine : Attract mode is not active, game will not be playable. Please check your attract mode configuration.
2026-06-02 13:42:21,962 : INFO : Machine : Shutting down...
2026-06-02 13:42:21,962 : INFO : EventManager : Event: ======'shutdown'====== Args={}
2026-06-02 13:42:21,963 : INFO : SwitchController : Found active switch: ('11', <Platform.Virtual>) <switch.s_trough1>
2026-06-02 13:42:21,963 : INFO : SwitchController : Found active switch: ('12', <Platform.Virtual>) <switch.s_trough2>
2026-06-02 13:42:21,963 : INFO : SwitchController : Found active switch: ('13', <Platform.Virtual>) <switch.s_trough3>
2026-06-02 13:42:21,966 : INFO : EventManager : Event: ======'bcp_connection_attempt'====== Args={'name': 'local_display', 'host': 'localhost', 'port': 5050}
2026-06-02 13:42:21,967 : INFO : BCPClientSocket : Connecting BCP to 'local_display' at localhost:5050...
2026-06-02 13:42:21,971 : INFO : BCPClientSocket : Connected BCP to 'local_display' localhost:5050
2026-06-02 13:42:21,971 : INFO : EventManager : Event: ======'bcp_clients_connected'====== Args={}
2026-06-02 13:42:21,971 : INFO : ball_device.bd_plung : BCH: Initial count: 3
2026-06-02 13:42:21,972 : INFO : ball_device.bd_plung : State: idle
2026-06-02 13:42:21,972 : INFO : ball_device.bd_drain : BCH: Initial count: 0
2026-06-02 13:42:21,972 : INFO : ball_device.bd_drain : State: idle
2026-06-02 13:42:21,988 : INFO : EventManager : Event: ======'init_phase_3'====== Args={}
2026-06-02 13:42:21,989 : INFO : EventManager : Event: ======'init_phase_4'====== Args={}
2026-06-02 13:42:21,990 : ERROR : asyncio : Exception in callback Util.raise_exceptions() at /home/rouanet/mpf/.venv/lib/python3.14/site-packages/mpf/core/utility_functions.py:789
handle: <Handle Util.raise_exceptions() at /home/rouanet/mpf/.venv/lib/python3.14/site-packages/mpf/core/utility_functions.py:789>
Traceback (most recent call last):
  File "/home/rouanet/.pyenv/versions/3.14.5/lib/python3.14/asyncio/events.py", line 94, in _run
    self._context.run(self._callback, *self._args)
    ~~~~~~~~~~~~~~~~~^^^^^^^^^^^^^^^^^^^^^^^^^^^^^
  File "/home/rouanet/mpf/.venv/lib/python3.14/site-packages/mpf/core/utility_functions.py", line 797, in raise_exceptions
    future.result()
    ~~~~~~~~~~~~~^^
  File "/home/rouanet/mpf/.venv/lib/python3.14/site-packages/mpf/core/ball_controller.py", line 90, in _add_new_balls_to_playfield
    self.num_balls_known = await self._count_all_balls_in_devices()
                           ^^^^^^^^^^^^^^^^^^^^^^^^^^^^^^^^^^^^^^^^
  File "/home/rouanet/mpf/.venv/lib/python3.14/site-packages/mpf/core/ball_controller.py", line 129, in _count_all_balls_in_devices
    futures.append(asyncio.ensure_future(device.ball_count_handler.counter.wait_for_count_stable()))
                                         ^^^^^^^^^^^^^^^^^^^^^^^^^^^^^^^^^
AttributeError: 'NoneType' object has no attribute 'counter'
2026-06-02 13:42:21,993 : INFO : EventManager : Event: ======'machine_var_audits_events_game_ended'====== Args={'value': 0, 'prev_value': None, 'change': True}
2026-06-02 13:42:21,993 : INFO : EventManager : Event: ======'machine_var_audits_events_game_started'====== Args={'value': 2, 'prev_value': None, 'change': True}
2026-06-02 13:42:21,993 : INFO : EventManager : Event: ======'machine_var_audits_missing_switches_s_bowling1'====== Args={'value': 2, 'prev_value': None, 'change': True}
2026-06-02 13:42:21,993 : INFO : EventManager : Event: ======'machine_var_audits_missing_switches_s_bowling2'====== Args={'value': 2, 'prev_value': None, 'change': True}
2026-06-02 13:42:21,993 : INFO : EventManager : Event: ======'machine_var_audits_missing_switches_s_bowling3'====== Args={'value': 2, 'prev_value': None, 'change': True}
2026-06-02 13:42:21,993 : INFO : EventManager : Event: ======'machine_var_audits_missing_switches_s_center_bumper'====== Args={'value': 2, 'prev_value': None, 'change': True}
2026-06-02 13:42:21,993 : INFO : EventManager : Event: ======'machine_var_audits_missing_switches_s_center_coin'====== Args={'value': 2, 'prev_value': None, 'change': True}
2026-06-02 13:42:21,993 : INFO : EventManager : Event: ======'machine_var_audits_missing_switches_s_center_donut'====== Args={'value': 2, 'prev_value': None, 'change': True}
2026-06-02 13:42:21,993 : INFO : EventManager : Event: ======'machine_var_audits_missing_switches_s_center_lock_bottom'====== Args={'value': 2, 'prev_value': None, 'change': True}
2026-06-02 13:42:21,993 : INFO : EventManager : Event: ======'machine_var_audits_missing_switches_s_center_lock_top'====== Args={'value': 2, 'prev_value': None, 'change': True}
2026-06-02 13:42:21,993 : INFO : EventManager : Event: ======'machine_var_audits_missing_switches_s_chocolate'====== Args={'value': 2, 'prev_value': None, 'change': True}
2026-06-02 13:42:21,993 : INFO : EventManager : Event: ======'machine_var_audits_missing_switches_s_chocolate2'====== Args={'value': 2, 'prev_value': None, 'change': True}
2026-06-02 13:42:21,993 : INFO : EventManager : Event: ======'machine_var_audits_missing_switches_s_chocolate3'====== Args={'value': 2, 'prev_value': None, 'change': True}
2026-06-02 13:42:21,993 : INFO : EventManager : Event: ======'machine_var_audits_missing_switches_s_credit_button'====== Args={'value': 2, 'prev_value': None, 'change': True}
2026-06-02 13:42:21,993 : INFO : EventManager : Event: ======'machine_var_audits_missing_switches_s_left_bumper'====== Args={'value': 2, 'prev_value': None, 'change': True}
2026-06-02 13:42:21,993 : INFO : EventManager : Event: ======'machine_var_audits_missing_switches_s_left_coin'====== Args={'value': 2, 'prev_value': None, 'change': True}
2026-06-02 13:42:21,993 : INFO : EventManager : Event: ======'machine_var_audits_missing_switches_s_left_donut'====== Args={'value': 2, 'prev_value': None, 'change': True}
2026-06-02 13:42:21,993 : INFO : EventManager : Event: ======'machine_var_audits_missing_switches_s_left_eos'====== Args={'value': 2, 'prev_value': None, 'change': True}
2026-06-02 13:42:21,993 : INFO : EventManager : Event: ======'machine_var_audits_missing_switches_s_left_lock'====== Args={'value': 2, 'prev_value': None, 'change': True}
2026-06-02 13:42:21,993 : INFO : EventManager : Event: ======'machine_var_audits_missing_switches_s_left_outlane'====== Args={'value': 2, 'prev_value': None, 'change': True}
2026-06-02 13:42:21,993 : INFO : EventManager : Event: ======'machine_var_audits_missing_switches_s_left_return'====== Args={'value': 2, 'prev_value': None, 'change': True}
2026-06-02 13:42:21,994 : INFO : EventManager : Event: ======'machine_var_audits_missing_switches_s_left_slingshot'====== Args={'value': 2, 'prev_value': None, 'change': True}
2026-06-02 13:42:21,994 : INFO : EventManager : Event: ======'machine_var_audits_missing_switches_s_multiball_start'====== Args={'value': 2, 'prev_value': None, 'change': True}
2026-06-02 13:42:21,994 : INFO : EventManager : Event: ======'machine_var_audits_missing_switches_s_outhole'====== Args={'value': 2, 'prev_value': None, 'change': True}
2026-06-02 13:42:21,994 : INFO : EventManager : Event: ======'machine_var_audits_missing_switches_s_plumb_tilt'====== Args={'value': 2, 'prev_value': None, 'change': True}
2026-06-02 13:42:21,994 : INFO : EventManager : Event: ======'machine_var_audits_missing_switches_s_ramp_entrance'====== Args={'value': 2, 'prev_value': None, 'change': True}
2026-06-02 13:42:21,994 : INFO : EventManager : Event: ======'machine_var_audits_missing_switches_s_ramp_exit'====== Args={'value': 2, 'prev_value': None, 'change': True}
2026-06-02 13:42:21,994 : INFO : EventManager : Event: ======'machine_var_audits_missing_switches_s_right_bumper'====== Args={'value': 2, 'prev_value': None, 'change': True}
2026-06-02 13:42:21,994 : INFO : EventManager : Event: ======'machine_var_audits_missing_switches_s_right_coin'====== Args={'value': 2, 'prev_value': None, 'change': True}
2026-06-02 13:42:21,994 : INFO : EventManager : Event: ======'machine_var_audits_missing_switches_s_right_donut'====== Args={'value': 2, 'prev_value': None, 'change': True}
2026-06-02 13:42:21,994 : INFO : EventManager : Event: ======'machine_var_audits_missing_switches_s_right_eos'====== Args={'value': 2, 'prev_value': None, 'change': True}
2026-06-02 13:42:21,994 : INFO : EventManager : Event: ======'machine_var_audits_missing_switches_s_right_lock'====== Args={'value': 2, 'prev_value': None, 'change': True}
2026-06-02 13:42:21,994 : INFO : EventManager : Event: ======'machine_var_audits_missing_switches_s_right_outlane'====== Args={'value': 2, 'prev_value': None, 'change': True}
2026-06-02 13:42:21,994 : INFO : EventManager : Event: ======'machine_var_audits_missing_switches_s_right_return'====== Args={'value': 2, 'prev_value': None, 'change': True}
2026-06-02 13:42:21,994 : INFO : EventManager : Event: ======'machine_var_audits_missing_switches_s_right_slingshot'====== Args={'value': 2, 'prev_value': None, 'change': True}
2026-06-02 13:42:21,994 : INFO : EventManager : Event: ======'machine_var_audits_missing_switches_s_slam_tilt'====== Args={'value': 2, 'prev_value': None, 'change': True}
2026-06-02 13:42:21,994 : INFO : EventManager : Event: ======'machine_var_audits_missing_switches_s_sling1'====== Args={'value': 2, 'prev_value': None, 'change': True}
2026-06-02 13:42:21,994 : INFO : EventManager : Event: ======'machine_var_audits_missing_switches_s_sling2'====== Args={'value': 2, 'prev_value': None, 'change': True}
2026-06-02 13:42:21,994 : INFO : EventManager : Event: ======'machine_var_audits_missing_switches_s_sling3'====== Args={'value': 2, 'prev_value': None, 'change': True}
2026-06-02 13:42:21,994 : INFO : EventManager : Event: ======'machine_var_audits_missing_switches_s_sling4'====== Args={'value': 2, 'prev_value': None, 'change': True}
2026-06-02 13:42:21,994 : INFO : EventManager : Event: ======'machine_var_audits_missing_switches_s_sling5'====== Args={'value': 2, 'prev_value': None, 'change': True}
2026-06-02 13:42:21,994 : INFO : EventManager : Event: ======'machine_var_audits_missing_switches_s_spinner'====== Args={'value': 2, 'prev_value': None, 'change': True}
2026-06-02 13:42:21,994 : INFO : EventManager : Event: ======'machine_var_audits_missing_switches_s_trough1'====== Args={'value': 2, 'prev_value': None, 'change': True}
2026-06-02 13:42:21,994 : INFO : EventManager : Event: ======'machine_var_audits_missing_switches_s_trough2'====== Args={'value': 2, 'prev_value': None, 'change': True}
2026-06-02 13:42:21,994 : INFO : EventManager : Event: ======'machine_var_audits_missing_switches_s_trough3'====== Args={'value': 2, 'prev_value': None, 'change': True}
2026-06-02 13:42:21,994 : INFO : EventManager : Event: ======'machine_var_audits_player_score'====== Args={'value': {'average': 0, 'top': [], 'total': 0}, 'prev_value': None, 'change': True}
2026-06-02 13:42:21,994 : INFO : EventManager : Event: ======'machine_var_audits_switches_s_bowling1'====== Args={'value': 0, 'prev_value': None, 'change': True}
2026-06-02 13:42:21,994 : INFO : EventManager : Event: ======'machine_var_audits_switches_s_bowling2'====== Args={'value': 0, 'prev_value': None, 'change': True}
2026-06-02 13:42:21,994 : INFO : EventManager : Event: ======'machine_var_audits_switches_s_bowling3'====== Args={'value': 0, 'prev_value': None, 'change': True}
2026-06-02 13:42:21,994 : INFO : EventManager : Event: ======'machine_var_audits_switches_s_center_bumper'====== Args={'value': 0, 'prev_value': None, 'change': True}
2026-06-02 13:42:21,994 : INFO : EventManager : Event: ======'machine_var_audits_switches_s_center_coin'====== Args={'value': 0, 'prev_value': None, 'change': True}
2026-06-02 13:42:21,994 : INFO : EventManager : Event: ======'machine_var_audits_switches_s_center_donut'====== Args={'value': 0, 'prev_value': None, 'change': True}
2026-06-02 13:42:21,994 : INFO : EventManager : Event: ======'machine_var_audits_switches_s_center_lock_bottom'====== Args={'value': 0, 'prev_value': None, 'change': True}
2026-06-02 13:42:21,995 : INFO : EventManager : Event: ======'machine_var_audits_switches_s_center_lock_top'====== Args={'value': 0, 'prev_value': None, 'change': True}
2026-06-02 13:42:21,995 : INFO : EventManager : Event: ======'machine_var_audits_switches_s_chocolate'====== Args={'value': 0, 'prev_value': None, 'change': True}
2026-06-02 13:42:21,995 : INFO : EventManager : Event: ======'machine_var_audits_switches_s_chocolate2'====== Args={'value': 0, 'prev_value': None, 'change': True}
2026-06-02 13:42:21,995 : INFO : EventManager : Event: ======'machine_var_audits_switches_s_chocolate3'====== Args={'value': 0, 'prev_value': None, 'change': True}
2026-06-02 13:42:21,995 : INFO : EventManager : Event: ======'machine_var_audits_switches_s_credit_button'====== Args={'value': 0, 'prev_value': None, 'change': True}
2026-06-02 13:42:21,995 : INFO : EventManager : Event: ======'machine_var_audits_switches_s_left_bumper'====== Args={'value': 0, 'prev_value': None, 'change': True}
2026-06-02 13:42:21,995 : INFO : EventManager : Event: ======'machine_var_audits_switches_s_left_coin'====== Args={'value': 0, 'prev_value': None, 'change': True}
2026-06-02 13:42:21,995 : INFO : EventManager : Event: ======'machine_var_audits_switches_s_left_donut'====== Args={'value': 0, 'prev_value': None, 'change': True}
2026-06-02 13:42:21,995 : INFO : EventManager : Event: ======'machine_var_audits_switches_s_left_eos'====== Args={'value': 0, 'prev_value': None, 'change': True}
2026-06-02 13:42:21,995 : INFO : EventManager : Event: ======'machine_var_audits_switches_s_left_lock'====== Args={'value': 0, 'prev_value': None, 'change': True}
2026-06-02 13:42:21,995 : INFO : EventManager : Event: ======'machine_var_audits_switches_s_left_outlane'====== Args={'value': 0, 'prev_value': None, 'change': True}
2026-06-02 13:42:21,995 : INFO : EventManager : Event: ======'machine_var_audits_switches_s_left_return'====== Args={'value': 0, 'prev_value': None, 'change': True}
2026-06-02 13:42:21,995 : INFO : EventManager : Event: ======'machine_var_audits_switches_s_left_slingshot'====== Args={'value': 0, 'prev_value': None, 'change': True}
2026-06-02 13:42:21,995 : INFO : EventManager : Event: ======'machine_var_audits_switches_s_multiball_start'====== Args={'value': 0, 'prev_value': None, 'change': True}
2026-06-02 13:42:21,995 : INFO : EventManager : Event: ======'machine_var_audits_switches_s_outhole'====== Args={'value': 0, 'prev_value': None, 'change': True}
2026-06-02 13:42:21,995 : INFO : EventManager : Event: ======'machine_var_audits_switches_s_plumb_tilt'====== Args={'value': 0, 'prev_value': None, 'change': True}
2026-06-02 13:42:21,995 : INFO : EventManager : Event: ======'machine_var_audits_switches_s_ramp_entrance'====== Args={'value': 0, 'prev_value': None, 'change': True}
2026-06-02 13:42:21,995 : INFO : EventManager : Event: ======'machine_var_audits_switches_s_ramp_exit'====== Args={'value': 0, 'prev_value': None, 'change': True}
2026-06-02 13:42:21,995 : INFO : EventManager : Event: ======'machine_var_audits_switches_s_right_bumper'====== Args={'value': 0, 'prev_value': None, 'change': True}
2026-06-02 13:42:21,995 : INFO : EventManager : Event: ======'machine_var_audits_switches_s_right_coin'====== Args={'value': 0, 'prev_value': None, 'change': True}
2026-06-02 13:42:21,995 : INFO : EventManager : Event: ======'machine_var_audits_switches_s_right_donut'====== Args={'value': 0, 'prev_value': None, 'change': True}
2026-06-02 13:42:21,995 : INFO : EventManager : Event: ======'machine_var_audits_switches_s_right_eos'====== Args={'value': 0, 'prev_value': None, 'change': True}
2026-06-02 13:42:21,995 : INFO : EventManager : Event: ======'machine_var_audits_switches_s_right_lock'====== Args={'value': 0, 'prev_value': None, 'change': True}
2026-06-02 13:42:21,995 : INFO : EventManager : Event: ======'machine_var_audits_switches_s_right_outlane'====== Args={'value': 0, 'prev_value': None, 'change': True}
2026-06-02 13:42:21,995 : INFO : EventManager : Event: ======'machine_var_audits_switches_s_right_return'====== Args={'value': 0, 'prev_value': None, 'change': True}
2026-06-02 13:42:21,995 : INFO : EventManager : Event: ======'machine_var_audits_switches_s_right_slingshot'====== Args={'value': 0, 'prev_value': None, 'change': True}
2026-06-02 13:42:21,995 : INFO : EventManager : Event: ======'machine_var_audits_switches_s_shooter_lane'====== Args={'value': 2, 'prev_value': None, 'change': True}
2026-06-02 13:42:21,995 : INFO : EventManager : Event: ======'machine_var_audits_switches_s_slam_tilt'====== Args={'value': 0, 'prev_value': None, 'change': True}
2026-06-02 13:42:21,995 : INFO : EventManager : Event: ======'machine_var_audits_switches_s_sling1'====== Args={'value': 0, 'prev_value': None, 'change': True}
2026-06-02 13:42:21,995 : INFO : EventManager : Event: ======'machine_var_audits_switches_s_sling2'====== Args={'value': 0, 'prev_value': None, 'change': True}
2026-06-02 13:42:21,995 : INFO : EventManager : Event: ======'machine_var_audits_switches_s_sling3'====== Args={'value': 0, 'prev_value': None, 'change': True}
2026-06-02 13:42:21,995 : INFO : EventManager : Event: ======'machine_var_audits_switches_s_sling4'====== Args={'value': 0, 'prev_value': None, 'change': True}
2026-06-02 13:42:21,996 : INFO : EventManager : Event: ======'machine_var_audits_switches_s_sling5'====== Args={'value': 0, 'prev_value': None, 'change': True}
2026-06-02 13:42:21,996 : INFO : EventManager : Event: ======'machine_var_audits_switches_s_spinner'====== Args={'value': 0, 'prev_value': None, 'change': True}
2026-06-02 13:42:21,996 : INFO : EventManager : Event: ======'machine_var_audits_switches_s_trough1'====== Args={'value': 0, 'prev_value': None, 'change': True}
2026-06-02 13:42:21,996 : INFO : EventManager : Event: ======'machine_var_audits_switches_s_trough2'====== Args={'value': 0, 'prev_value': None, 'change': True}
2026-06-02 13:42:21,996 : INFO : EventManager : Event: ======'machine_var_audits_switches_s_trough3'====== Args={'value': 0, 'prev_value': None, 'change': True}
2026-06-02 13:42:21,996 : INFO : EventManager : Event: ======'init_phase_5'====== Args={}
2026-06-02 13:42:21,996 : INFO : EventManager : Event: ======'init_done'====== Args={}
2026-06-02 13:42:21,996 : INFO : EventManager : Event: ======'machine_reset_phase_1'====== Args={}
2026-06-02 13:42:22,002 : INFO : EventManager : Event: ======'machine_reset_phase_2'====== Args={}
2026-06-02 13:42:22,002 : INFO : EventManager : Event: ======'machine_reset_phase_3'====== Args={}
2026-06-02 13:42:22,002 : INFO : EventManager : Event: ======'reset_complete'====== Args={}
2026-06-02 13:42:22,002 : INFO : EventManager : Event: ======'mode_attract_will_start'====== Args={}
2026-06-02 13:42:22,003 : INFO : EventManager : Event: ======'mode_attract_starting'====== Args={}
2026-06-02 13:42:22,003 : INFO : Mode.attract : Will not start because machine is shutting down.
2026-06-02 13:42:22,003 : ERROR : Machine : Runtime Exception
Traceback (most recent call last):
  File "/home/rouanet/mpf/.venv/lib/python3.14/site-packages/mpf/core/machine.py", line 810, in _run_loop
    raise self._exception['exception']
  File "/home/rouanet/mpf/.venv/lib/python3.14/site-packages/mpf/core/system_wide_device.py", line 17, in device_added_system_wide
    await self._initialize()
  File "/home/rouanet/mpf/.venv/lib/python3.14/site-packages/mpf/devices/ball_device/ball_device.py", line 90, in _initialize
    self._configure_targets()
    ~~~~~~~~~~~~~~~~~~~~~~~^^
  File "/home/rouanet/mpf/.venv/lib/python3.14/site-packages/mpf/devices/ball_device/ball_device.py", line 386, in _configure_targets
    self.ejector = ejector_class(ejector_config, self, self.machine)
                   ~~~~~~~~~~~~~^^^^^^^^^^^^^^^^^^^^^^^^^^^^^^^^^^^^
  File "/home/rouanet/mpf/.venv/lib/python3.14/site-packages/mpf/devices/ball_device/pulse_coil_ejector.py", line 26, in __init__
    self.config = self.machine.config_validator.validate_config("ball_device_ejector_pulse", self.config)
                  ~~~~~~~~~~~~~~~~~~~~~~~~~~~~~~~~~~~~~~~~~~~~~^^^^^^^^^^^^^^^^^^^^^^^^^^^^^^^^^^^^^^^^^^
  File "/home/rouanet/mpf/.venv/lib/python3.14/site-packages/mpf/core/config_validator.py", line 164, in validate_config
    return self._validate_config(config_spec, source, base_spec=base_spec, add_missing_keys=add_missing_keys,
           ~~~~~~~~~~~~~~~~~~~~~^^^^^^^^^^^^^^^^^^^^^^^^^^^^^^^^^^^^^^^^^^^^^^^^^^^^^^^^^^^^^^^^^^^^^^^^^^^^^
                                 validation_failure_info=validation_failure_info)
                                 ^^^^^^^^^^^^^^^^^^^^^^^^^^^^^^^^^^^^^^^^^^^^^^^^
  File "/home/rouanet/mpf/.venv/lib/python3.14/site-packages/mpf/core/config_validator.py", line 204, in _validate_config
    processed_config[k] = self.validate_config_item(
                          ~~~~~~~~~~~~~~~~~~~~~~~~~^
        this_spec[k], item=source[k],
        ^^^^^^^^^^^^^^^^^^^^^^^^^^^^^
        validation_failure_info=ValidationPath(validation_failure_info, k))
        ^^^^^^^^^^^^^^^^^^^^^^^^^^^^^^^^^^^^^^^^^^^^^^^^^^^^^^^^^^^^^^^^^^^
  File "/home/rouanet/mpf/.venv/lib/python3.14/site-packages/mpf/core/config_validator.py", line 243, in validate_config_item
    return self.validate_item(item, validation, validation_failure_info)
           ~~~~~~~~~~~~~~~~~~^^^^^^^^^^^^^^^^^^^^^^^^^^^^^^^^^^^^^^^^^^^
  File "/home/rouanet/mpf/.venv/lib/python3.14/site-packages/mpf/core/config_validator.py", line 699, in validate_item
    return self.validator_list[validator](item, validation_failure_info=validation_failure_info, param=param)
           ~~~~~~~~~~~~~~~~~~~~~~~~~~~~~~^^^^^^^^^^^^^^^^^^^^^^^^^^^^^^^^^^^^^^^^^^^^^^^^^^^^^^^^^^^^^^^^^^^^
  File "/home/rouanet/mpf/.venv/lib/python3.14/site-packages/mpf/core/config_validator.py", line 413, in _validate_type_machine
    raise self.validation_error(item, validation_failure_info,
                                'Device "{}" not found in "{}:" section in your config.'.format(item, param),
                                6)
mpf.exceptions.config_file_error.ConfigFileError: Config File Error in ConfigValidator: Config validation error: Entry ball_device_ejector_pulse:ball_device_ejector_pulse:eject_coil = "c_left_lock_eject" is not valid. Device "c_left_lock_eject" not found in "coils:" section in your config. Error Code: CFE-ConfigValidator-6 (https://missionpinball.org/latest/logs)
2026-06-02 13:42:22,006 : INFO : root : MPF run loop ended.
