2026-06-02 11:28:17,221 : INFO : root : Loading config.
2026-06-02 11:28:17,494 : INFO : ConfigProcessor : Config spec file cache created: /tmp/config_spec.mpf_cache
2026-06-02 11:28:17,495 : INFO : YamlMultifileConfigLoader : Machine config file #1: config.yaml
2026-06-02 11:28:17,495 : INFO : ConfigProcessor : Loading config from cache: /tmp/a9f758074c4719bec73a40b7e322c3da.mpf_cache
2026-06-02 11:28:17,537 : INFO : ConfigProcessor : Loading config from cache: /tmp/2cf941c3a47e1ba6ac27add0b513321d.mpf_cache
2026-06-02 11:28:17,538 : INFO : ConfigProcessor : Loading config from cache: /tmp/0fd1dccdc7db229b2ce4cdd9f5c444af.mpf_cache
2026-06-02 11:28:17,538 : INFO : ConfigProcessor : Loading config from cache: /tmp/2cf941c3a47e1ba6ac27add0b513321d.mpf_cache
2026-06-02 11:28:17,538 : INFO : ConfigProcessor : Loading config from cache: /tmp/bf7de23a2a3c1db7258b8477779eece5.mpf_cache
2026-06-02 11:28:17,539 : INFO : Machine : Mission Pinball Framework Core Engine v0.80.0
2026-06-02 11:28:17,539 : INFO : Machine : Command line arguments: {'no_load_cache': False, 'create_config_cache': True, 'bcp': True, 'configfile': ['config.yaml'], 'force_assets_load': False, 'platform_integration_test': False, 'jsonlogging': False, 'logfile': 'logs/2026-06-02-11-28-17-mpf-pop-os.log', 'pause': False, 'production': False, 'text_ui': True, 'loglevel': 15, 'consoleloglevel': 10, 'force_platform': 'smart_virtual', 'syslog_address': None, 'full_logfile_path': '/home/rouanet/Documents/SimpsonsMpf/logs/2026-06-02-11-28-17-mpf-pop-os.log'}
2026-06-02 11:28:17,539 : INFO : Machine : MPF path: /home/rouanet/mpf/.venv/lib/python3.14/site-packages/mpf
2026-06-02 11:28:17,539 : INFO : Machine : Machine path: /home/rouanet/Documents/SimpsonsMpf
2026-06-02 11:28:17,539 : INFO : Machine : Platform: linux
2026-06-02 11:28:17,539 : INFO : Machine : Python executable location: /home/rouanet/mpf/.venv/bin/python3.14
2026-06-02 11:28:17,539 : INFO : Machine : Python version: 3.14.5 (64-bit)
2026-06-02 11:28:17,540 : INFO : Machine : Initializing MPF...
2026-06-02 11:28:17,586 : INFO : EventManager : Event: ======'machine_var_credits_string'====== Args={'value': 'FREE PLAY', 'prev_value': None, 'change': True}
2026-06-02 11:28:17,601 : INFO : EventManager : Event: ======'machine_var_master_volume'====== Args={'value': 0.5, 'prev_value': None, 'change': True}
2026-06-02 11:28:17,602 : INFO : EventManager : Event: ======'machine_var_mpf_version'====== Args={'value': 'Mission Pinball Framework v0.80.0', 'prev_value': None, 'change': True}
2026-06-02 11:28:17,602 : INFO : EventManager : Event: ======'machine_var_mpf_extended_version'====== Args={'value': 'Mission Pinball Framework v0.80.0, Config version:6, Show version: 6, BCP version:1.1', 'prev_value': None, 'change': True}
2026-06-02 11:28:17,602 : INFO : EventManager : Event: ======'machine_var_python_version'====== Args={'value': '3.14.5', 'prev_value': None, 'change': True}
2026-06-02 11:28:17,603 : INFO : EventManager : Event: ======'machine_var_platform'====== Args={'value': 'Linux-6.18.7-76061807-generic-x86_64-with-glibc2.39', 'prev_value': None, 'change': True}
2026-06-02 11:28:17,604 : INFO : EventManager : Event: ======'machine_var_platform_system'====== Args={'value': 'Linux', 'prev_value': None, 'change': True}
2026-06-02 11:28:17,604 : INFO : EventManager : Event: ======'machine_var_platform_release'====== Args={'value': '6.18.7-76061807-generic', 'prev_value': None, 'change': True}
2026-06-02 11:28:17,604 : INFO : EventManager : Event: ======'machine_var_platform_version'====== Args={'value': '#202601231045~1778249322~24.04~b44a3c3 SMP PREEMPT_DYNAMIC Fri M', 'prev_value': None, 'change': True}
2026-06-02 11:28:17,604 : INFO : EventManager : Event: ======'machine_var_platform_machine'====== Args={'value': 'x86_64', 'prev_value': None, 'change': True}
2026-06-02 11:28:17,604 : INFO : EventManager : Event: ======'machine_var_log_file_path'====== Args={'value': '/home/rouanet/Documents/SimpsonsMpf/logs/2026-06-02-11-28-17-mpf-pop-os.log', 'prev_value': None, 'change': True}
2026-06-02 11:28:17,604 : INFO : EventManager : Event: ======'init_phase_1'====== Args={}
2026-06-02 11:28:17,633 : INFO : EventManager : Event: ======'drop_target_bank_bowling_drop_targets_up'====== Args={}
2026-06-02 11:28:17,633 : INFO : EventManager : Event: ======'drop_target_bank_slingshot_drop_targets_up'====== Args={}
2026-06-02 11:28:17,634 : INFO : EventManager : Event: ======'init_phase_2'====== Args={}
2026-06-02 11:28:17,634 : INFO : SwitchController : Found active switch: ('11', <Platform.SmartVirtual>) <switch.s_trough1>
2026-06-02 11:28:17,634 : INFO : SwitchController : Found active switch: ('12', <Platform.SmartVirtual>) <switch.s_trough2>
2026-06-02 11:28:17,634 : INFO : SwitchController : Found active switch: ('13', <Platform.SmartVirtual>) <switch.s_trough3>
2026-06-02 11:28:17,637 : INFO : EventManager : Event: ======'bcp_connection_attempt'====== Args={'name': 'local_display', 'host': 'localhost', 'port': 5050}
2026-06-02 11:28:17,638 : INFO : BCPClientSocket : Connecting BCP to 'local_display' at localhost:5050...
2026-06-02 11:28:17,945 : INFO : BCPClientSocket : Connected BCP to 'local_display' localhost:5050
2026-06-02 11:28:17,946 : INFO : EventManager : Event: ======'bcp_clients_connected'====== Args={}
2026-06-02 11:28:17,946 : INFO : ball_device.bd_plung : BCH: Initial count: 3
2026-06-02 11:28:17,946 : INFO : ball_device.bd_plung : State: idle
2026-06-02 11:28:17,947 : INFO : ball_device.bd_drain : BCH: Initial count: 0
2026-06-02 11:28:17,947 : INFO : ball_device.bd_drain : State: idle
2026-06-02 11:28:17,963 : INFO : EventManager : Event: ======'init_phase_3'====== Args={}
2026-06-02 11:28:17,965 : INFO : EventManager : Event: ======'init_phase_4'====== Args={}
2026-06-02 11:28:17,965 : INFO : BallController : Initial balls found: 3
2026-06-02 11:28:17,966 : INFO : EventManager : Event: ======'machine_var_audits_events_game_ended'====== Args={'value': 0, 'prev_value': None, 'change': True}
2026-06-02 11:28:17,966 : INFO : EventManager : Event: ======'machine_var_audits_events_game_started'====== Args={'value': 2, 'prev_value': None, 'change': True}
2026-06-02 11:28:17,966 : INFO : EventManager : Event: ======'machine_var_audits_missing_switches_s_bowling1'====== Args={'value': 2, 'prev_value': None, 'change': True}
2026-06-02 11:28:17,966 : INFO : EventManager : Event: ======'machine_var_audits_missing_switches_s_bowling2'====== Args={'value': 2, 'prev_value': None, 'change': True}
2026-06-02 11:28:17,966 : INFO : EventManager : Event: ======'machine_var_audits_missing_switches_s_bowling3'====== Args={'value': 2, 'prev_value': None, 'change': True}
2026-06-02 11:28:17,966 : INFO : EventManager : Event: ======'machine_var_audits_missing_switches_s_center_bumper'====== Args={'value': 2, 'prev_value': None, 'change': True}
2026-06-02 11:28:17,966 : INFO : EventManager : Event: ======'machine_var_audits_missing_switches_s_center_coin'====== Args={'value': 2, 'prev_value': None, 'change': True}
2026-06-02 11:28:17,966 : INFO : EventManager : Event: ======'machine_var_audits_missing_switches_s_center_donut'====== Args={'value': 2, 'prev_value': None, 'change': True}
2026-06-02 11:28:17,966 : INFO : EventManager : Event: ======'machine_var_audits_missing_switches_s_center_lock_bottom'====== Args={'value': 2, 'prev_value': None, 'change': True}
2026-06-02 11:28:17,966 : INFO : EventManager : Event: ======'machine_var_audits_missing_switches_s_center_lock_top'====== Args={'value': 2, 'prev_value': None, 'change': True}
2026-06-02 11:28:17,966 : INFO : EventManager : Event: ======'machine_var_audits_missing_switches_s_chocolate'====== Args={'value': 2, 'prev_value': None, 'change': True}
2026-06-02 11:28:17,966 : INFO : EventManager : Event: ======'machine_var_audits_missing_switches_s_chocolate2'====== Args={'value': 2, 'prev_value': None, 'change': True}
2026-06-02 11:28:17,966 : INFO : EventManager : Event: ======'machine_var_audits_missing_switches_s_chocolate3'====== Args={'value': 2, 'prev_value': None, 'change': True}
2026-06-02 11:28:17,966 : INFO : EventManager : Event: ======'machine_var_audits_missing_switches_s_credit_button'====== Args={'value': 2, 'prev_value': None, 'change': True}
2026-06-02 11:28:17,966 : INFO : EventManager : Event: ======'machine_var_audits_missing_switches_s_left_bumper'====== Args={'value': 2, 'prev_value': None, 'change': True}
2026-06-02 11:28:17,967 : INFO : EventManager : Event: ======'machine_var_audits_missing_switches_s_left_coin'====== Args={'value': 2, 'prev_value': None, 'change': True}
2026-06-02 11:28:17,967 : INFO : EventManager : Event: ======'machine_var_audits_missing_switches_s_left_donut'====== Args={'value': 2, 'prev_value': None, 'change': True}
2026-06-02 11:28:17,967 : INFO : EventManager : Event: ======'machine_var_audits_missing_switches_s_left_eos'====== Args={'value': 2, 'prev_value': None, 'change': True}
2026-06-02 11:28:17,967 : INFO : EventManager : Event: ======'machine_var_audits_missing_switches_s_left_lock'====== Args={'value': 2, 'prev_value': None, 'change': True}
2026-06-02 11:28:17,967 : INFO : EventManager : Event: ======'machine_var_audits_missing_switches_s_left_outlane'====== Args={'value': 2, 'prev_value': None, 'change': True}
2026-06-02 11:28:17,967 : INFO : EventManager : Event: ======'machine_var_audits_missing_switches_s_left_return'====== Args={'value': 2, 'prev_value': None, 'change': True}
2026-06-02 11:28:17,967 : INFO : EventManager : Event: ======'machine_var_audits_missing_switches_s_left_slingshot'====== Args={'value': 2, 'prev_value': None, 'change': True}
2026-06-02 11:28:17,967 : INFO : EventManager : Event: ======'machine_var_audits_missing_switches_s_multiball_start'====== Args={'value': 2, 'prev_value': None, 'change': True}
2026-06-02 11:28:17,967 : INFO : EventManager : Event: ======'machine_var_audits_missing_switches_s_outhole'====== Args={'value': 2, 'prev_value': None, 'change': True}
2026-06-02 11:28:17,967 : INFO : EventManager : Event: ======'machine_var_audits_missing_switches_s_plumb_tilt'====== Args={'value': 2, 'prev_value': None, 'change': True}
2026-06-02 11:28:17,967 : INFO : EventManager : Event: ======'machine_var_audits_missing_switches_s_ramp_entrance'====== Args={'value': 2, 'prev_value': None, 'change': True}
2026-06-02 11:28:17,967 : INFO : EventManager : Event: ======'machine_var_audits_missing_switches_s_ramp_exit'====== Args={'value': 2, 'prev_value': None, 'change': True}
2026-06-02 11:28:17,967 : INFO : EventManager : Event: ======'machine_var_audits_missing_switches_s_right_bumper'====== Args={'value': 2, 'prev_value': None, 'change': True}
2026-06-02 11:28:17,967 : INFO : EventManager : Event: ======'machine_var_audits_missing_switches_s_right_coin'====== Args={'value': 2, 'prev_value': None, 'change': True}
2026-06-02 11:28:17,967 : INFO : EventManager : Event: ======'machine_var_audits_missing_switches_s_right_donut'====== Args={'value': 2, 'prev_value': None, 'change': True}
2026-06-02 11:28:17,967 : INFO : EventManager : Event: ======'machine_var_audits_missing_switches_s_right_eos'====== Args={'value': 2, 'prev_value': None, 'change': True}
2026-06-02 11:28:17,967 : INFO : EventManager : Event: ======'machine_var_audits_missing_switches_s_right_lock'====== Args={'value': 2, 'prev_value': None, 'change': True}
2026-06-02 11:28:17,967 : INFO : EventManager : Event: ======'machine_var_audits_missing_switches_s_right_outlane'====== Args={'value': 2, 'prev_value': None, 'change': True}
2026-06-02 11:28:17,967 : INFO : EventManager : Event: ======'machine_var_audits_missing_switches_s_right_return'====== Args={'value': 2, 'prev_value': None, 'change': True}
2026-06-02 11:28:17,967 : INFO : EventManager : Event: ======'machine_var_audits_missing_switches_s_right_slingshot'====== Args={'value': 2, 'prev_value': None, 'change': True}
2026-06-02 11:28:17,967 : INFO : EventManager : Event: ======'machine_var_audits_missing_switches_s_slam_tilt'====== Args={'value': 2, 'prev_value': None, 'change': True}
2026-06-02 11:28:17,967 : INFO : EventManager : Event: ======'machine_var_audits_missing_switches_s_sling1'====== Args={'value': 2, 'prev_value': None, 'change': True}
2026-06-02 11:28:17,967 : INFO : EventManager : Event: ======'machine_var_audits_missing_switches_s_sling2'====== Args={'value': 2, 'prev_value': None, 'change': True}
2026-06-02 11:28:17,967 : INFO : EventManager : Event: ======'machine_var_audits_missing_switches_s_sling3'====== Args={'value': 2, 'prev_value': None, 'change': True}
2026-06-02 11:28:17,967 : INFO : EventManager : Event: ======'machine_var_audits_missing_switches_s_sling4'====== Args={'value': 2, 'prev_value': None, 'change': True}
2026-06-02 11:28:17,967 : INFO : EventManager : Event: ======'machine_var_audits_missing_switches_s_sling5'====== Args={'value': 2, 'prev_value': None, 'change': True}
2026-06-02 11:28:17,967 : INFO : EventManager : Event: ======'machine_var_audits_missing_switches_s_spinner'====== Args={'value': 2, 'prev_value': None, 'change': True}
2026-06-02 11:28:17,967 : INFO : EventManager : Event: ======'machine_var_audits_missing_switches_s_trough1'====== Args={'value': 2, 'prev_value': None, 'change': True}
2026-06-02 11:28:17,967 : INFO : EventManager : Event: ======'machine_var_audits_missing_switches_s_trough2'====== Args={'value': 2, 'prev_value': None, 'change': True}
2026-06-02 11:28:17,967 : INFO : EventManager : Event: ======'machine_var_audits_missing_switches_s_trough3'====== Args={'value': 2, 'prev_value': None, 'change': True}
2026-06-02 11:28:17,967 : INFO : EventManager : Event: ======'machine_var_audits_player_score'====== Args={'value': {'average': 0, 'top': [], 'total': 0}, 'prev_value': None, 'change': True}
2026-06-02 11:28:17,968 : INFO : EventManager : Event: ======'machine_var_audits_switches_s_bowling1'====== Args={'value': 0, 'prev_value': None, 'change': True}
2026-06-02 11:28:17,968 : INFO : EventManager : Event: ======'machine_var_audits_switches_s_bowling2'====== Args={'value': 0, 'prev_value': None, 'change': True}
2026-06-02 11:28:17,968 : INFO : EventManager : Event: ======'machine_var_audits_switches_s_bowling3'====== Args={'value': 0, 'prev_value': None, 'change': True}
2026-06-02 11:28:17,968 : INFO : EventManager : Event: ======'machine_var_audits_switches_s_center_bumper'====== Args={'value': 0, 'prev_value': None, 'change': True}
2026-06-02 11:28:17,968 : INFO : EventManager : Event: ======'machine_var_audits_switches_s_center_coin'====== Args={'value': 0, 'prev_value': None, 'change': True}
2026-06-02 11:28:17,968 : INFO : EventManager : Event: ======'machine_var_audits_switches_s_center_donut'====== Args={'value': 0, 'prev_value': None, 'change': True}
2026-06-02 11:28:17,968 : INFO : EventManager : Event: ======'machine_var_audits_switches_s_center_lock_bottom'====== Args={'value': 0, 'prev_value': None, 'change': True}
2026-06-02 11:28:17,968 : INFO : EventManager : Event: ======'machine_var_audits_switches_s_center_lock_top'====== Args={'value': 0, 'prev_value': None, 'change': True}
2026-06-02 11:28:17,968 : INFO : EventManager : Event: ======'machine_var_audits_switches_s_chocolate'====== Args={'value': 0, 'prev_value': None, 'change': True}
2026-06-02 11:28:17,968 : INFO : EventManager : Event: ======'machine_var_audits_switches_s_chocolate2'====== Args={'value': 0, 'prev_value': None, 'change': True}
2026-06-02 11:28:17,968 : INFO : EventManager : Event: ======'machine_var_audits_switches_s_chocolate3'====== Args={'value': 0, 'prev_value': None, 'change': True}
2026-06-02 11:28:17,968 : INFO : EventManager : Event: ======'machine_var_audits_switches_s_credit_button'====== Args={'value': 0, 'prev_value': None, 'change': True}
2026-06-02 11:28:17,968 : INFO : EventManager : Event: ======'machine_var_audits_switches_s_left_bumper'====== Args={'value': 0, 'prev_value': None, 'change': True}
2026-06-02 11:28:17,968 : INFO : EventManager : Event: ======'machine_var_audits_switches_s_left_coin'====== Args={'value': 0, 'prev_value': None, 'change': True}
2026-06-02 11:28:17,968 : INFO : EventManager : Event: ======'machine_var_audits_switches_s_left_donut'====== Args={'value': 0, 'prev_value': None, 'change': True}
2026-06-02 11:28:17,968 : INFO : EventManager : Event: ======'machine_var_audits_switches_s_left_eos'====== Args={'value': 0, 'prev_value': None, 'change': True}
2026-06-02 11:28:17,968 : INFO : EventManager : Event: ======'machine_var_audits_switches_s_left_lock'====== Args={'value': 0, 'prev_value': None, 'change': True}
2026-06-02 11:28:17,968 : INFO : EventManager : Event: ======'machine_var_audits_switches_s_left_outlane'====== Args={'value': 0, 'prev_value': None, 'change': True}
2026-06-02 11:28:17,968 : INFO : EventManager : Event: ======'machine_var_audits_switches_s_left_return'====== Args={'value': 0, 'prev_value': None, 'change': True}
2026-06-02 11:28:17,968 : INFO : EventManager : Event: ======'machine_var_audits_switches_s_left_slingshot'====== Args={'value': 0, 'prev_value': None, 'change': True}
2026-06-02 11:28:17,968 : INFO : EventManager : Event: ======'machine_var_audits_switches_s_multiball_start'====== Args={'value': 0, 'prev_value': None, 'change': True}
2026-06-02 11:28:17,968 : INFO : EventManager : Event: ======'machine_var_audits_switches_s_outhole'====== Args={'value': 0, 'prev_value': None, 'change': True}
2026-06-02 11:28:17,968 : INFO : EventManager : Event: ======'machine_var_audits_switches_s_plumb_tilt'====== Args={'value': 0, 'prev_value': None, 'change': True}
2026-06-02 11:28:17,968 : INFO : EventManager : Event: ======'machine_var_audits_switches_s_ramp_entrance'====== Args={'value': 0, 'prev_value': None, 'change': True}
2026-06-02 11:28:17,968 : INFO : EventManager : Event: ======'machine_var_audits_switches_s_ramp_exit'====== Args={'value': 0, 'prev_value': None, 'change': True}
2026-06-02 11:28:17,969 : INFO : EventManager : Event: ======'machine_var_audits_switches_s_right_bumper'====== Args={'value': 0, 'prev_value': None, 'change': True}
2026-06-02 11:28:17,969 : INFO : EventManager : Event: ======'machine_var_audits_switches_s_right_coin'====== Args={'value': 0, 'prev_value': None, 'change': True}
2026-06-02 11:28:17,969 : INFO : EventManager : Event: ======'machine_var_audits_switches_s_right_donut'====== Args={'value': 0, 'prev_value': None, 'change': True}
2026-06-02 11:28:17,969 : INFO : EventManager : Event: ======'machine_var_audits_switches_s_right_eos'====== Args={'value': 0, 'prev_value': None, 'change': True}
2026-06-02 11:28:17,969 : INFO : EventManager : Event: ======'machine_var_audits_switches_s_right_lock'====== Args={'value': 0, 'prev_value': None, 'change': True}
2026-06-02 11:28:17,969 : INFO : EventManager : Event: ======'machine_var_audits_switches_s_right_outlane'====== Args={'value': 0, 'prev_value': None, 'change': True}
2026-06-02 11:28:17,969 : INFO : EventManager : Event: ======'machine_var_audits_switches_s_right_return'====== Args={'value': 0, 'prev_value': None, 'change': True}
2026-06-02 11:28:17,969 : INFO : EventManager : Event: ======'machine_var_audits_switches_s_right_slingshot'====== Args={'value': 0, 'prev_value': None, 'change': True}
2026-06-02 11:28:17,969 : INFO : EventManager : Event: ======'machine_var_audits_switches_s_shooter_lane'====== Args={'value': 2, 'prev_value': None, 'change': True}
2026-06-02 11:28:17,969 : INFO : EventManager : Event: ======'machine_var_audits_switches_s_slam_tilt'====== Args={'value': 0, 'prev_value': None, 'change': True}
2026-06-02 11:28:17,969 : INFO : EventManager : Event: ======'machine_var_audits_switches_s_sling1'====== Args={'value': 0, 'prev_value': None, 'change': True}
2026-06-02 11:28:17,969 : INFO : EventManager : Event: ======'machine_var_audits_switches_s_sling2'====== Args={'value': 0, 'prev_value': None, 'change': True}
2026-06-02 11:28:17,969 : INFO : EventManager : Event: ======'machine_var_audits_switches_s_sling3'====== Args={'value': 0, 'prev_value': None, 'change': True}
2026-06-02 11:28:17,969 : INFO : EventManager : Event: ======'machine_var_audits_switches_s_sling4'====== Args={'value': 0, 'prev_value': None, 'change': True}
2026-06-02 11:28:17,969 : INFO : EventManager : Event: ======'machine_var_audits_switches_s_sling5'====== Args={'value': 0, 'prev_value': None, 'change': True}
2026-06-02 11:28:17,969 : INFO : EventManager : Event: ======'machine_var_audits_switches_s_spinner'====== Args={'value': 0, 'prev_value': None, 'change': True}
2026-06-02 11:28:17,969 : INFO : EventManager : Event: ======'machine_var_audits_switches_s_trough1'====== Args={'value': 0, 'prev_value': None, 'change': True}
2026-06-02 11:28:17,969 : INFO : EventManager : Event: ======'machine_var_audits_switches_s_trough2'====== Args={'value': 0, 'prev_value': None, 'change': True}
2026-06-02 11:28:17,969 : INFO : EventManager : Event: ======'machine_var_audits_switches_s_trough3'====== Args={'value': 0, 'prev_value': None, 'change': True}
2026-06-02 11:28:17,969 : INFO : EventManager : Event: ======'init_phase_5'====== Args={}
2026-06-02 11:28:17,970 : INFO : EventManager : Event: ======'init_done'====== Args={}
2026-06-02 11:28:17,970 : INFO : EventManager : Event: ======'machine_reset_phase_1'====== Args={}
2026-06-02 11:28:17,987 : INFO : EventManager : Event: ======'machine_reset_phase_2'====== Args={}
2026-06-02 11:28:17,987 : INFO : EventManager : Event: ======'machine_reset_phase_3'====== Args={}
2026-06-02 11:28:17,987 : INFO : EventManager : Event: ======'reset_complete'====== Args={}
2026-06-02 11:28:17,987 : INFO : EventManager : Event: ======'mode_attract_will_start'====== Args={}
2026-06-02 11:28:17,988 : INFO : EventManager : Event: ======'mode_attract_starting'====== Args={}
2026-06-02 11:28:17,988 : INFO : Mode.attract : Started. Priority: 10
2026-06-02 11:28:17,988 : INFO : EventManager : Event: ======'modes_active_modes_changed'====== Args={}
2026-06-02 11:28:17,988 : INFO : EventManager : Event: ======'mode_attract_started'====== Args={}
2026-06-02 11:28:17,988 : INFO : EventManager : Event: ======'collecting_balls_complete'====== Args={}
2026-06-02 11:28:17,988 : INFO : Machine : Starting the main run loop with active modes: [<Mode.attract>]
2026-06-02 11:28:18,853 : INFO : BcpServer : New client connected.
2026-06-02 11:28:33,408 : INFO : SwitchController : <<<<<<< 's_outhole' active >>>>>>>
2026-06-02 11:28:33,909 : INFO : EventManager : Event: ======'balldevice_bd_drain_ball_count_changed'====== Args={'balls': 1}
2026-06-02 11:28:33,909 : INFO : ball_device.bd_drain : Received unexpected ball
2026-06-02 11:28:33,909 : INFO : EventManager : Event: ======'balldevice_captured_from_playfield'====== Args={'balls': 1}
2026-06-02 11:28:33,910 : INFO : EventManager : Event: ======'sw_playfield_active'====== Args={'balls': 1}
2026-06-02 11:28:33,910 : INFO : EventManager : Event: ======'playfield_active'====== Args={'source': None}
2026-06-02 11:28:33,910 : INFO : EventManager : Event: ======'unexpected_ball_on_playfield'====== Args={}
2026-06-02 11:28:33,910 : INFO : EventManager : Event: ======'playfield_ball_count_change'====== Args={'balls': -1, 'change': -1}
2026-06-02 11:28:33,911 : INFO : EventManager : Event: ======'balldevice_playfield_ball_enter'====== Args={'new_balls': 1, 'unclaimed_balls': 1, 'device': <playfield.playfield>}
2026-06-02 11:28:33,911 : INFO : EventManager : Event: ======'playfield_ball_count_change'====== Args={'balls': 0, 'change': 1}
2026-06-02 11:28:33,912 : INFO : BallController : Found a new ball which was captured from playfield. Known balls: 4
2026-06-02 11:28:33,912 : INFO : EventManager : Event: ======'found_new_ball'====== Args={}
2026-06-02 11:28:33,912 : INFO : EventManager : Event: ======'balldevice_bd_drain_ball_enter'====== Args={'new_balls': 1, 'unclaimed_balls': 1, 'new_available_balls': 1, 'device': <ball_device.bd_drain>}
2026-06-02 11:28:33,912 : INFO : EventManager : Event: ======'ball_drain'====== Args={'device': <ball_device.bd_drain>, 'balls': 1}
2026-06-02 11:28:33,913 : INFO : EventManager : Event: ======'balldevice_balls_available'====== Args={}
2026-06-02 11:28:33,913 : INFO : EventManager : Event: ======'balldevice_balls_available'====== Args={}
2026-06-02 11:28:33,914 : INFO : EventManager : Event: ======'balldevice_bd_drain_ball_entered'====== Args={'new_balls': 1, 'device': <ball_device.bd_drain>}
2026-06-02 11:28:33,914 : INFO : ball_device.bd_drain : State: waiting_for_target_ready
2026-06-02 11:28:33,914 : INFO : EventManager : Event: ======'balldevice_bd_drain_ball_eject_attempt'====== Args={'balls': 1, 'target': <ball_device.bd_plung>, 'source': <ball_device.bd_drain>, 'mechanical_eject': False, 'num_attempts': 0}
2026-06-02 11:29:19,781 : INFO : SwitchController : <<<<<<< 's_shooter_lane' active >>>>>>>
2026-06-02 11:29:19,782 : INFO : EventManager : Event: ======'sw_playfield_active'====== Args={}
2026-06-02 11:29:19,782 : INFO : EventManager : Event: ======'playfield_active'====== Args={'source': None}
2026-06-02 11:29:19,782 : INFO : EventManager : Event: ======'unexpected_ball_on_playfield'====== Args={}
2026-06-02 11:29:21,789 : INFO : SwitchController : <<<<<<< 's_trough1' inactive >>>>>>>
2026-06-02 11:29:23,245 : INFO : SwitchController : <<<<<<< 's_trough2' inactive >>>>>>>
2026-06-02 11:29:24,477 : INFO : SwitchController : <<<<<<< 's_trough2' active >>>>>>>
2026-06-02 11:29:25,149 : INFO : SwitchController : <<<<<<< 's_trough2' inactive >>>>>>>
2026-06-02 11:29:25,261 : INFO : SwitchController : <<<<<<< 's_trough2' active >>>>>>>
2026-06-02 11:29:26,269 : INFO : SwitchController : <<<<<<< 's_trough3' inactive >>>>>>>
2026-06-02 11:29:26,349 : INFO : SwitchController : <<<<<<< 's_trough3' active >>>>>>>
2026-06-02 11:29:26,997 : INFO : SwitchController : <<<<<<< 's_trough3' inactive >>>>>>>
2026-06-02 11:29:28,605 : INFO : SwitchController : <<<<<<< 's_trough2' inactive >>>>>>>
2026-06-02 11:29:28,677 : INFO : SwitchController : <<<<<<< 's_trough2' active >>>>>>>
2026-06-02 11:29:29,301 : INFO : SwitchController : <<<<<<< 's_trough2' inactive >>>>>>>
2026-06-02 11:29:29,381 : INFO : SwitchController : <<<<<<< 's_trough2' active >>>>>>>
2026-06-02 11:29:30,534 : INFO : SwitchController : <<<<<<< 's_trough2' inactive >>>>>>>
2026-06-02 11:29:30,581 : INFO : SwitchController : <<<<<<< 's_trough2' active >>>>>>>
2026-06-02 11:29:30,989 : INFO : SwitchController : <<<<<<< 's_trough2' inactive >>>>>>>
2026-06-02 11:29:31,621 : INFO : SwitchController : <<<<<<< 's_trough2' active >>>>>>>
2026-06-02 11:29:32,813 : INFO : SwitchController : <<<<<<< 's_trough1' active >>>>>>>
2026-06-02 11:29:32,917 : INFO : SwitchController : <<<<<<< 's_trough1' inactive >>>>>>>
2026-06-02 11:29:33,777 : INFO : SwitchController : <<<<<<< 's_trough3' active >>>>>>>
2026-06-02 11:29:33,869 : INFO : SwitchController : <<<<<<< 's_trough3' inactive >>>>>>>
2026-06-02 11:29:37,123 : INFO : EventManager : Event: ======'balldevice_bd_plung_ball_count_changed'====== Args={'balls': 1}
2026-06-02 11:29:37,124 : WARNING : ball_device.bd_plung : Ball disappeared while idle. This should not normally happen.
2026-06-02 11:29:37,124 : INFO : EventManager : Event: ======'balldevice_playfield_ball_enter'====== Args={'new_balls': 1, 'unclaimed_balls': 1, 'device': <playfield.playfield>}
2026-06-02 11:29:37,124 : INFO : EventManager : Event: ======'playfield_ball_count_change'====== Args={'balls': 1, 'change': 1}
2026-06-02 11:29:37,125 : INFO : ball_device.bd_plung : 1 ball(s) missing from device. Mechanical eject? False
2026-06-02 11:29:37,125 : INFO : EventManager : Event: ======'balldevice_bd_plung_ball_missing'====== Args={'balls': 1}
2026-06-02 11:29:37,125 : INFO : ball_device.bd_drain : State: ejecting
2026-06-02 11:29:37,126 : INFO : ball_device.bd_drain : Ejecting ball to <ball_device.bd_plung>
2026-06-02 11:29:37,126 : INFO : EventManager : Event: ======'balldevice_bd_drain_ejecting_ball'====== Args={'balls': 1, 'target': <ball_device.bd_plung>, 'source': <ball_device.bd_drain>, 'mechanical_eject': False, 'num_attempts': 0}
2026-06-02 11:29:37,126 : INFO : EventManager : Event: ======'balldevice_ball_missing'====== Args={'balls': 1, 'name': 'bd_plung'}
2026-06-02 11:29:37,127 : WARNING : ball_device.bd_plung : Ball disappeared while idle. This should not normally happen.
2026-06-02 11:29:37,127 : INFO : EventManager : Event: ======'balldevice_playfield_ball_enter'====== Args={'new_balls': 1, 'unclaimed_balls': 1, 'device': <playfield.playfield>}
2026-06-02 11:29:37,127 : INFO : EventManager : Event: ======'playfield_ball_count_change'====== Args={'balls': 2, 'change': 1}
2026-06-02 11:29:37,127 : INFO : ball_device.bd_plung : 1 ball(s) missing from device. Mechanical eject? False
2026-06-02 11:29:37,128 : INFO : EventManager : Event: ======'balldevice_bd_plung_ball_missing'====== Args={'balls': 1}
2026-06-02 11:29:37,128 : INFO : EventManager : Event: ======'balldevice_ball_missing'====== Args={'balls': 1, 'name': 'bd_plung'}
2026-06-02 11:29:37,129 : INFO : ball_device.bd_drain : Wait for ball to leave device
2026-06-02 11:29:37,129 : INFO : coil.c_outhole : Pulsing Driver for 10ms (1.0 pulse_power)
2026-06-02 11:29:37,129 : INFO : SwitchController : <<<<<<< 's_outhole' inactive >>>>>>>
2026-06-02 11:29:37,129 : INFO : ball_device.bd_drain : State: ball_left
2026-06-02 11:29:37,130 : INFO : ball_device.bd_drain : Ball left
2026-06-02 11:29:37,130 : INFO : ball_device.bd_drain : Wait for confirm with timeout 10.0
2026-06-02 11:29:37,230 : INFO : SwitchController : <<<<<<< 's_trough1' active >>>>>>>
2026-06-02 11:29:37,731 : INFO : EventManager : Event: ======'balldevice_bd_plung_ball_count_changed'====== Args={'balls': 2}
2026-06-02 11:29:37,731 : INFO : ball_device.bd_plung : Received ball from <ball_device.bd_drain>
2026-06-02 11:29:37,731 : INFO : EventManager : Event: ======'balldevice_bd_plung_ball_enter'====== Args={'new_balls': 1, 'unclaimed_balls': 0, 'new_available_balls': 0, 'device': <ball_device.bd_plung>}
2026-06-02 11:29:37,732 : INFO : EventManager : Event: ======'ball_drain'====== Args={'device': <ball_device.bd_plung>, 'balls': 0}
2026-06-02 11:29:37,732 : INFO : EventManager : Event: ======'balldevice_bd_plung_ball_entered'====== Args={'new_balls': 0, 'device': <ball_device.bd_plung>}
2026-06-02 11:29:37,732 : INFO : ball_device.bd_drain : Got eject confirm
2026-06-02 11:29:37,732 : INFO : ball_device.bd_drain : Eject successful
2026-06-02 11:29:37,733 : INFO : EventManager : Event: ======'balldevice_bd_drain_ball_eject_success'====== Args={'balls': 1, 'target': <ball_device.bd_plung>}
2026-06-02 11:29:37,733 : INFO : EventManager : Event: ======'balldevice_bd_drain_ball_count_changed'====== Args={'balls': 0}
2026-06-02 11:29:37,733 : INFO : ball_device.bd_drain : State: idle
2026-06-02 11:31:18,660 : INFO : SwitchController : <<<<<<< 's_right_bumper' active >>>>>>>
2026-06-02 11:31:20,180 : INFO : SwitchController : <<<<<<< 's_right_bumper' inactive >>>>>>>
2026-06-02 11:31:20,276 : INFO : SwitchController : <<<<<<< 's_right_bumper' active >>>>>>>
2026-06-02 11:31:20,812 : INFO : SwitchController : <<<<<<< 's_right_bumper' inactive >>>>>>>
2026-06-02 11:31:20,900 : INFO : SwitchController : <<<<<<< 's_right_bumper' active >>>>>>>
2026-06-02 11:31:21,380 : INFO : SwitchController : <<<<<<< 's_right_bumper' inactive >>>>>>>
2026-06-02 11:31:23,068 : INFO : SwitchController : <<<<<<< 's_trough3' active >>>>>>>
2026-06-02 11:31:23,124 : INFO : SwitchController : <<<<<<< 's_trough3' inactive >>>>>>>
2026-06-02 11:31:24,980 : INFO : SwitchController : <<<<<<< 's_shooter_lane' inactive >>>>>>>
2026-06-02 11:31:26,237 : INFO : SwitchController : <<<<<<< 's_trough3' active >>>>>>>
2026-06-02 11:31:26,308 : INFO : SwitchController : <<<<<<< 's_trough3' inactive >>>>>>>
2026-06-02 11:31:26,676 : INFO : SwitchController : <<<<<<< 's_trough3' active >>>>>>>
2026-06-02 11:31:27,176 : INFO : EventManager : Event: ======'balldevice_bd_plung_ball_count_changed'====== Args={'balls': 3}
2026-06-02 11:31:27,177 : INFO : ball_device.bd_plung : Received unexpected ball
2026-06-02 11:31:27,177 : INFO : EventManager : Event: ======'balldevice_captured_from_playfield'====== Args={'balls': 1}
2026-06-02 11:31:27,177 : INFO : EventManager : Event: ======'sw_playfield_active'====== Args={'balls': 1}
2026-06-02 11:31:27,177 : INFO : EventManager : Event: ======'playfield_ball_count_change'====== Args={'balls': 1, 'change': -1}
2026-06-02 11:31:27,178 : INFO : EventManager : Event: ======'balldevice_bd_plung_ball_enter'====== Args={'new_balls': 1, 'unclaimed_balls': 1, 'new_available_balls': 1, 'device': <ball_device.bd_plung>}
2026-06-02 11:31:27,178 : INFO : EventManager : Event: ======'ball_drain'====== Args={'device': <ball_device.bd_plung>, 'balls': 1}
2026-06-02 11:31:27,178 : INFO : EventManager : Event: ======'balldevice_balls_available'====== Args={}
2026-06-02 11:31:27,179 : INFO : EventManager : Event: ======'balldevice_bd_plung_ball_entered'====== Args={'new_balls': 1, 'device': <ball_device.bd_plung>}
2026-06-02 11:31:27,588 : INFO : SwitchController : <<<<<<< 's_trough3' inactive >>>>>>>
2026-06-02 11:31:27,940 : INFO : SwitchController : <<<<<<< 's_trough3' active >>>>>>>
2026-06-02 11:31:28,004 : INFO : SwitchController : <<<<<<< 's_trough3' inactive >>>>>>>
2026-06-02 11:31:28,060 : INFO : SwitchController : <<<<<<< 's_trough3' active >>>>>>>
2026-06-02 11:31:28,132 : INFO : SwitchController : <<<<<<< 's_trough3' inactive >>>>>>>
2026-06-02 11:31:29,972 : INFO : SwitchController : <<<<<<< 's_trough2' inactive >>>>>>>
2026-06-02 11:31:30,027 : INFO : SwitchController : <<<<<<< 's_trough2' active >>>>>>>
2026-06-02 11:31:30,484 : INFO : SwitchController : <<<<<<< 's_trough2' inactive >>>>>>>
2026-06-02 11:31:31,324 : INFO : SwitchController : <<<<<<< 's_trough2' active >>>>>>>
2026-06-02 11:31:31,556 : INFO : SwitchController : <<<<<<< 's_trough2' inactive >>>>>>>
2026-06-02 11:31:32,036 : INFO : SwitchController : <<<<<<< 's_trough2' active >>>>>>>
2026-06-02 11:31:33,204 : INFO : SwitchController : <<<<<<< 's_trough3' active >>>>>>>
2026-06-02 11:31:39,444 : INFO : SwitchController : <<<<<<< 's_right_donut' active >>>>>>>
2026-06-02 11:31:40,764 : INFO : SwitchController : <<<<<<< 's_right_donut' inactive >>>>>>>
2026-06-02 11:31:41,315 : INFO : SwitchController : <<<<<<< 's_right_donut' active >>>>>>>
2026-06-02 11:31:42,012 : INFO : SwitchController : <<<<<<< 's_right_donut' inactive >>>>>>>
2026-06-02 11:31:42,604 : INFO : SwitchController : <<<<<<< 's_right_donut' active >>>>>>>
2026-06-02 11:31:43,220 : INFO : SwitchController : <<<<<<< 's_right_donut' inactive >>>>>>>
2026-06-02 11:31:43,668 : INFO : SwitchController : <<<<<<< 's_right_donut' active >>>>>>>
2026-06-02 11:31:44,308 : INFO : SwitchController : <<<<<<< 's_right_donut' inactive >>>>>>>
2026-06-02 11:31:44,796 : INFO : SwitchController : <<<<<<< 's_right_donut' active >>>>>>>
2026-06-02 11:31:45,244 : INFO : SwitchController : <<<<<<< 's_right_donut' inactive >>>>>>>
2026-06-02 11:31:45,932 : INFO : SwitchController : <<<<<<< 's_right_donut' active >>>>>>>
2026-06-02 11:31:55,916 : INFO : SwitchController : <<<<<<< 's_right_donut' inactive >>>>>>>
2026-06-02 11:32:16,148 : INFO : BcpServer : New client connected.
2026-06-02 11:36:25,884 : INFO : Machine : Shutting down...
2026-06-02 11:36:25,884 : INFO : EventManager : Event: ======'shutdown'====== Args={}
2026-06-02 11:36:25,900 : INFO : root : MPF run loop ended.
